This is pdfTeX, Version 3.1415926-2.3-1.40.12 (TeX Live 2011) (format=pdflatex 2011.7.3)  18 FEB 2013 09:22
entering extended mode
 \write18 enabled.
 file:line:error style messages enabled.
 %&-line parsing enabled.
**pst-sigsys-doc.tex
(./pst-sigsys-doc.tex
LaTeX2e <2009/09/24>
Babel <v3.8l> and hyphenation patterns for english, dumylang, nohyphenation, ge
rman-x-2009-06-19, ngerman-x-2009-06-19, afrikaans, ancientgreek, ibycus, arabi
c, armenian, basque, bulgarian, catalan, pinyin, coptic, croatian, czech, danis
h, dutch, ukenglish, usenglishmax, esperanto, estonian, ethiopic, farsi, finnis
h, french, galician, german, ngerman, swissgerman, monogreek, greek, hungarian,
 icelandic, assamese, bengali, gujarati, hindi, kannada, malayalam, marathi, or
iya, panjabi, tamil, telugu, indonesian, interlingua, irish, italian, kurmanji,
 lao, latin, latvian, lithuanian, mongolian, mongolianlmc, bokmal, nynorsk, pol
ish, portuguese, romanian, russian, sanskrit, serbian, serbianc, slovak, sloven
ian, spanish, swedish, turkish, turkmen, ukrainian, uppersorbian, welsh, loaded
.
(/usr/local/texlive/2011/texmf-dist/tex/latex/base/article.cls
Document Class: article 2007/10/19 v1.4h Standard LaTeX document class
(/usr/local/texlive/2011/texmf-dist/tex/latex/base/size11.clo
File: size11.clo 2007/10/19 v1.4h Standard LaTeX file (size option)
)
\c@part=\count79
\c@section=\count80
\c@subsection=\count81
\c@subsubsection=\count82
\c@paragraph=\count83
\c@subparagraph=\count84
\c@figure=\count85
\c@table=\count86
\abovecaptionskip=\skip41
\belowcaptionskip=\skip42
\bibindent=\dimen102
)
(/usr/local/texlive/2011/texmf-dist/tex/latex/etex-pkg/etex.sty
Package: etex 1998/03/26 v2.0 eTeX basic definition package (PEB)
\et@xins=\count87
)
(/usr/local/texlive/2011/texmf-dist/tex/latex/base/fontenc.sty
Package: fontenc 2005/09/27 v1.99g Standard LaTeX package

(/usr/local/texlive/2011/texmf-dist/tex/latex/base/t1enc.def
File: t1enc.def 2005/09/27 v1.99g Standard LaTeX file
LaTeX Font Info:    Redeclaring font encoding T1 on input line 43.
))
(/usr/local/texlive/2011/texmf-dist/tex/latex/base/inputenc.sty
Package: inputenc 2008/03/30 v1.1d Input encoding file
\inpenc@prehook=\toks14
\inpenc@posthook=\toks15

(/usr/local/texlive/2011/texmf-dist/tex/latex/base/latin1.def
File: latin1.def 2008/03/30 v1.1d Input encoding file
))
(/usr/local/texlive/2011/texmf-dist/tex/latex/amsmath/amsmath.sty
Package: amsmath 2000/07/18 v2.13 AMS math features
\@mathmargin=\skip43

For additional information on amsmath, use the `?' option.
(/usr/local/texlive/2011/texmf-dist/tex/latex/amsmath/amstext.sty
Package: amstext 2000/06/29 v2.01

(/usr/local/texlive/2011/texmf-dist/tex/latex/amsmath/amsgen.sty
File: amsgen.sty 1999/11/30 v2.0
\@emptytoks=\toks16
\ex@=\dimen103
))
(/usr/local/texlive/2011/texmf-dist/tex/latex/amsmath/amsbsy.sty
Package: amsbsy 1999/11/29 v1.2d
\pmbraise@=\dimen104
)
(/usr/local/texlive/2011/texmf-dist/tex/latex/amsmath/amsopn.sty
Package: amsopn 1999/12/14 v2.01 operator names
)
\inf@bad=\count88
LaTeX Info: Redefining \frac on input line 211.
\uproot@=\count89
\leftroot@=\count90
LaTeX Info: Redefining \overline on input line 307.
\classnum@=\count91
\DOTSCASE@=\count92
LaTeX Info: Redefining \ldots on input line 379.
LaTeX Info: Redefining \dots on input line 382.
LaTeX Info: Redefining \cdots on input line 467.
\Mathstrutbox@=\box26
\strutbox@=\box27
\big@size=\dimen105
LaTeX Font Info:    Redeclaring font encoding OML on input line 567.
LaTeX Font Info:    Redeclaring font encoding OMS on input line 568.
\macc@depth=\count93
\c@MaxMatrixCols=\count94
\dotsspace@=\muskip10
\c@parentequation=\count95
\dspbrk@lvl=\count96
\tag@help=\toks17
\row@=\count97
\column@=\count98
\maxfields@=\count99
\andhelp@=\toks18
\eqnshift@=\dimen106
\alignsep@=\dimen107
\tagshift@=\dimen108
\tagwidth@=\dimen109
\totwidth@=\dimen110
\lineht@=\dimen111
\@envbody=\toks19
\multlinegap=\skip44
\multlinetaggap=\skip45
\mathdisplay@stack=\toks20
LaTeX Info: Redefining \[ on input line 2666.
LaTeX Info: Redefining \] on input line 2667.
)
(/usr/local/texlive/2011/texmf-dist/tex/latex/amsfonts/amssymb.sty
Package: amssymb 2009/06/22 v3.00

(/usr/local/texlive/2011/texmf-dist/tex/latex/amsfonts/amsfonts.sty
Package: amsfonts 2009/06/22 v3.00 Basic AMSFonts support
\symAMSa=\mathgroup4
\symAMSb=\mathgroup5
LaTeX Font Info:    Overwriting math alphabet `\mathfrak' in version `bold'
(Font)                  U/euf/m/n --> U/euf/b/n on input line 96.
))
(/usr/local/texlive/2011/texmf-dist/tex/latex/tools/array.sty
Package: array 2008/09/09 v2.4c Tabular extension package (FMi)
\col@sep=\dimen112
\extrarowheight=\dimen113
\NC@list=\toks21
\extratabsurround=\skip46
\backup@length=\skip47
)
(/usr/local/texlive/2011/texmf-dist/tex/latex/fancyhdr/fancyhdr.sty
\fancy@headwidth=\skip48
\f@ncyO@elh=\skip49
\f@ncyO@erh=\skip50
\f@ncyO@olh=\skip51
\f@ncyO@orh=\skip52
\f@ncyO@elf=\skip53
\f@ncyO@erf=\skip54
\f@ncyO@olf=\skip55
\f@ncyO@orf=\skip56
)
(/usr/local/texlive/2011/texmf-dist/tex/latex/caption/caption.sty
Package: caption 2010/01/09 v3.1m Customizing captions (AR)

(/usr/local/texlive/2011/texmf-dist/tex/latex/caption/caption3.sty
Package: caption3 2010/01/14 v3.1m caption3 kernel (AR)

(/usr/local/texlive/2011/texmf-dist/tex/latex/graphics/keyval.sty
Package: keyval 1999/03/16 v1.13 key=value parser (DPC)
\KV@toks@=\toks22
)
\captionmargin=\dimen114
\captionmargin@=\dimen115
\captionwidth=\dimen116
\caption@indent=\dimen117
\caption@parindent=\dimen118
\caption@hangindent=\dimen119
)
\c@ContinuedFloat=\count100
)
(/usr/local/texlive/2011/texmf-dist/tex/latex/geometry/geometry.sty
Package: geometry 2010/09/12 v5.6 Page Geometry

(/usr/local/texlive/2011/texmf-dist/tex/generic/oberdiek/ifpdf.sty
Package: ifpdf 2011/01/30 v2.3 Provides the ifpdf switch (HO)
Package ifpdf Info: pdfTeX in PDF mode is detected.
)
(/usr/local/texlive/2011/texmf-dist/tex/generic/oberdiek/ifvtex.sty
Package: ifvtex 2010/03/01 v1.5 Switches for detecting VTeX and its modes (HO)
Package ifvtex Info: VTeX not detected.
)
(/usr/local/texlive/2011/texmf-dist/tex/generic/ifxetex/ifxetex.sty
Package: ifxetex 2010/09/12 v0.6 Provides ifxetex conditional
)
\Gm@cnth=\count101
\Gm@cntv=\count102
\c@Gm@tempcnt=\count103
\Gm@bindingoffset=\dimen120
\Gm@wd@mp=\dimen121
\Gm@odd@mp=\dimen122
\Gm@even@mp=\dimen123
\Gm@layoutwidth=\dimen124
\Gm@layoutheight=\dimen125
\Gm@layouthoffset=\dimen126
\Gm@layoutvoffset=\dimen127
\Gm@dimlist=\toks23
)
(/usr/local/texlive/2011/texmf-dist/tex/latex/tools/xspace.sty
Package: xspace 2006/05/08 v1.12 Space after command names (DPC,MH)
)
(/usr/local/texlive/2011/texmf-dist/tex/latex/subfig/subfig.sty
Package: subfig 2005/06/28 ver: 1.3 subfig package
\c@KVtest=\count104
\sf@farskip=\skip57
\sf@captopadj=\dimen128
\sf@capskip=\skip58
\sf@nearskip=\skip59
\c@subfigure=\count105
\c@subfigure@save=\count106
\c@lofdepth=\count107
\c@subtable=\count108
\c@subtable@save=\count109
\c@lotdepth=\count110
\sf@top=\skip60
\sf@bottom=\skip61
)
(/usr/local/texlive/2011/texmf-dist/tex/latex/enumitem/enumitem.sty
Package: enumitem 2009/05/18 v2.2 Customized lists
\enit@toks=\toks24
\labelindent=\skip62
\enit@outerparindent=\dimen129
\enitdp@desc=\count111
)
(/usr/local/texlive/2011/texmf-dist/tex/latex/url/url.sty
\Urlmuskip=\muskip11
Package: url 2006/04/12  ver 3.3  Verb mode for urls, etc.
)
(/usr/local/texlive/2011/texmf-dist/tex/latex/base/makeidx.sty
Package: makeidx 2000/03/29 v1.0m Standard LaTeX package
)
(/usr/local/texlive/2011/texmf-dist/tex/latex/xcolor/xcolor.sty
Package: xcolor 2007/01/21 v2.11 LaTeX color extensions (UK)

(/usr/local/texlive/2011/texmf-dist/tex/latex/latexconfig/color.cfg
File: color.cfg 2007/01/18 v1.5 color configuration of teTeX/TeXLive
)
Package xcolor Info: Driver file: pdftex.def on input line 225.

(/usr/local/texlive/2011/texmf-dist/tex/latex/pdftex-def/pdftex.def
File: pdftex.def 2011/05/27 v0.06d Graphics/color for pdfTeX

(/usr/local/texlive/2011/texmf-dist/tex/generic/oberdiek/infwarerr.sty
Package: infwarerr 2010/04/08 v1.3 Providing info/warning/message (HO)
)
(/usr/local/texlive/2011/texmf-dist/tex/generic/oberdiek/ltxcmds.sty
Package: ltxcmds 2011/04/18 v1.20 LaTeX kernel commands for general use (HO)
)
\Gread@gobject=\count112
)
(/usr/local/texlive/2011/texmf-dist/tex/latex/colortbl/colortbl.sty
Package: colortbl 2001/02/13 v0.1j Color table columns (DPC)
\everycr=\toks25
\minrowclearance=\skip63
)
\rownum=\count113
Package xcolor Info: Model `cmy' substituted by `cmy0' on input line 1337.
Package xcolor Info: Model `hsb' substituted by `rgb' on input line 1341.
Package xcolor Info: Model `RGB' extended on input line 1353.
Package xcolor Info: Model `HTML' substituted by `rgb' on input line 1355.
Package xcolor Info: Model `Hsb' substituted by `hsb' on input line 1356.
Package xcolor Info: Model `tHsb' substituted by `hsb' on input line 1357.
Package xcolor Info: Model `HSB' substituted by `hsb' on input line 1358.
Package xcolor Info: Model `Gray' substituted by `gray' on input line 1359.
Package xcolor Info: Model `wave' substituted by `hsb' on input line 1360.
)
(/usr/local/texlive/2011/texmf-dist/tex/latex/multido/multido.sty
Package: multido 2004/05/17 package wrapper for PSTricks `multido.tex', (HV/RN)


(/usr/local/texlive/2011/texmf-dist/tex/generic/multido/multido.tex
 v1.42, 2010/05/14 <tvz>
\multido@count=\count114
\multidocount=\count115
\multido@stuff=\toks26
)
File: multido.tex 2010/05/14 v1.42 `multido' (tvz,hv)
)
(/usr/local/texlive/2011/texmf-dist/tex/latex/xkeyval/xkeyval.sty
Package: xkeyval 2008/08/13 v2.6a package option processing (HA)

(/usr/local/texlive/2011/texmf-dist/tex/generic/xkeyval/xkeyval.tex
\XKV@toks=\toks27
\XKV@tempa@toks=\toks28
\XKV@depth=\count116
File: xkeyval.tex 2008/08/13 v2.6a key=value parser (HA)
))
(./pst-sigsys.sty
(/usr/local/texlive/2011/texmf-dist/tex/latex/pstricks/pstricks.sty
Package: pstricks 2011/04/23 v0.50 LaTeX wrapper for `PSTricks' (RN,HV)

(/usr/local/texlive/2011/texmf-dist/tex/generic/oberdiek/ifluatex.sty
Package: ifluatex 2010/03/01 v1.3 Provides the ifluatex switch (HO)
Package ifluatex Info: LuaTeX not detected.
)
(/usr/local/texlive/2011/texmf-dist/tex/generic/pstricks/pstricks.tex
(/usr/local/texlive/2011/texmf-dist/tex/generic/xkeyval/pst-xkey.tex
File: pst-xkey.tex 2005/11/25 v1.6 PSTricks specialization of xkeyval (HA)
)
(/usr/local/texlive/2011/texmf-dist/tex/generic/pstricks/pst-fp.tex
`pst-fp' v0.05, 2010/01/17 (hv)
\pstFP@xs=\count117
\pstFP@xia=\count118
\pstFP@xib=\count119
\pstFP@xfa=\count120
\pstFP@xfb=\count121
\pstFP@rega=\count122
\pstFP@regb=\count123
\pstFP@regs=\count124
\pstFP@times=\count125
)
\psLoopIndex=\count126

`PSTricks' v2.20  <2011/04/23> (tvz)
\pst@dima=\dimen130
\pst@dimb=\dimen131
\pst@dimc=\dimen132
\pst@dimd=\dimen133
\pst@dimg=\dimen134
\pst@dimh=\dimen135
\pst@dimm=\dimen136
\pst@dimn=\dimen137
\pst@dimo=\dimen138
\pst@dimp=\dimen139
\pst@hbox=\box28
\pst@ibox=\box29
\pst@boxg=\box30
\pst@cnta=\count127
\pst@cntb=\count128
\pst@cntc=\count129
\pst@cntd=\count130
\pst@cntg=\count131
\pst@cnth=\count132
\pst@cntm=\count133
\pst@cntn=\count134
\pst@cnto=\count135
\pst@cntp=\count136
\@zero=\count137
\pst@toks=\toks29
(/usr/local/texlive/2011/texmf-dist/tex/generic/pstricks/pstricks.con)
\psunit=\dimen140
\psxunit=\dimen141
\psyunit=\dimen142
\pst@C@@rType=\count138
\pslinewidth=\dimen143
\psk@startLW=\dimen144
\psk@endLW=\dimen145
\pst@customdefs=\toks30
\pslinearc=\dimen146
\pst@symbolStep=\dimen147
\pst@symbolWidth=\dimen148
\everypsbox=\toks31
\psframesep=\dimen149
\pslabelsep=\dimen150
\pst@shift=\dimen151
\theoverlaybox=\box31
)
File: pstricks.tex 2011/04/23 v2.20 `PSTricks' (tvz,hv)

(/usr/local/texlive/2011/texmf-dist/tex/generic/pstricks/pst-fp.tex)
File: pst-fp.tex 2011/04/23 v2.20 `PST-fp' (hv)
)
Package: pst-sigsys 2011/03/07 package wrapper for pst-sigsys.tex (fd)

(./pst-sigsys.tex
(/usr/local/texlive/2011/texmf-dist/tex/generic/pst-node/pst-node.tex
 v1.16, 2011/05/05
\psrow=\count139
\pscol=\count140
\psmatrixcnt=\count141
\psrowsep=\skip64
\pscolsep=\skip65
\pst@args=\count142
\num@pts=\count143
\pst@argcnt=\count144
) `PST-SigSys' v1.4, 2011/03/07 (fd)
\ss@ticklength=\dimen152
\ss@signalsep=\dimen153
\ss@zerowidth=\dimen154
\ss@zeroradius=\dimen155
\ss@zeroradiusinc=\dimen156
\ss@polewidth=\dimen157
\ss@polelength=\dimen158
\ss@oplength=\dimen159
\ss@opwidth=\dimen160
\ss@opsep=\dimen161
\ss@ldotssep=\dimen162
\ss@ldotssize=\dimen163
\ss@aoffset=\dimen164
\ss@knoblength=\dimen165
\ss@knobwidth=\dimen166
\ss@temp@dimA=\dimen167
\ss@temp@dimB=\dimen168
\ss@temp@dimC=\dimen169
\ss@temp@cnt=\count145
\ss@calc@dim=\dimen170
\ss@if@dimA=\dimen171
\ss@if@dimB=\dimen172
)
File: pst-sigsys.tex 2011/03/07 v1.4 `PST-sigsys' (fd)
)
(/usr/local/texlive/2011/texmf-dist/tex/latex/pst-plot/pst-plot.sty
(/usr/local/texlive/2011/texmf-dist/tex/latex/xkeyval/pst-xkey.sty
Package: pst-xkey 2005/11/25 v1.6 package wrapper for pst-xkey.tex (HA)
)
Package: pst-plot 2011/04/13 package wrapper for pst-plot.tex (hv)

(/usr/local/texlive/2011/texmf-dist/tex/generic/pst-plot/pst-plot.tex
 v1.29, 2011/04/13 (tvz,hv)
\pstRadUnit=\dimen173
\pstRadUnitInv=\dimen174
\pst@linecnt=\count146
\psk@subticksize=\dimen175
\pst@xticksizeA=\dimen176
\pst@xticksizeB=\dimen177
\pst@xticksizeC=\dimen178
\pst@yticksizeA=\dimen179
\pst@yticksizeB=\dimen180
\pst@yticksizeC=\dimen181
\@digitcounter=\count147
\psk@llx=\dimen182
\psk@lly=\dimen183
\psk@urx=\dimen184
\psk@ury=\dimen185
\pst@xunit=\dimen186
\pst@yunit=\dimen187
)
File: pst-plot.tex 2011/04/13 1.29 `pst-plot' (tvz,hv)
)
(/usr/local/texlive/2011/texmf-dist/tex/latex/pstricks-add/pstricks-add.sty
Package: pstricks-add 2010/02/11 v. 0.14 package wrapper for pstricks-add.tex (
hv)

(/usr/local/texlive/2011/texmf-dist/tex/generic/pstricks-add/pstricks-add.tex
(/usr/local/texlive/2011/texmf-dist/tex/generic/pst-3d/pst-3d.tex
`PST-3d' v1.11, 2010/02/14 (tvz))
(/usr/local/texlive/2011/texmf-dist/tex/generic/pst-math/pst-math.tex
`pst-math' v0.62 , (CJ,hv)) `pstricks-add' v3.51, 2011/02/02 (dr,hv)
\pshooklength=\dimen188
\pshookwidth=\dimen189
\pst@cntC=\count148
\chart@ColorIndex=\dimen190
\chart@ColorStep=\dimen191
\pst@chartHeight=\dimen192
\pst@chartStackDepth=\dimen193
\pst@chartStackWidth=\dimen194
\chart@Toggle=\count149
\psVectorCtr=\count150
)
File: pstricks-add.tex 2011/02/02 v3.51 `PSTricks-add' (hv)
)
(/usr/local/texlive/2011/texmf-dist/tex/latex/tools/multicol.sty
Package: multicol 2008/12/05 v1.6h multicolumn formatting (FMi)
\c@tracingmulticols=\count151
\mult@box=\box32
\multicol@leftmargin=\dimen195
\c@unbalance=\count152
\c@collectmore=\count153
\doublecol@number=\count154
\multicoltolerance=\count155
\multicolpretolerance=\count156
\full@width=\dimen196
\page@free=\dimen197
\premulticols=\dimen198
\postmulticols=\dimen199
\multicolsep=\skip66
\multicolbaselineskip=\skip67
\partial@page=\box33
\last@line=\box34
\mult@rightbox=\box35
\mult@grightbox=\box36
\mult@gfirstbox=\box37
\mult@firstbox=\box38
\@tempa=\box39
\@tempa=\box40
\@tempa=\box41
\@tempa=\box42
\@tempa=\box43
\@tempa=\box44
\@tempa=\box45
\@tempa=\box46
\@tempa=\box47
\@tempa=\box48
\@tempa=\box49
\@tempa=\box50
\@tempa=\box51
\@tempa=\box52
\@tempa=\box53
\@tempa=\box54
\@tempa=\box55
\c@columnbadness=\count157
\c@finalcolumnbadness=\count158
\last@try=\dimen200
\multicolovershoot=\dimen201
\multicolundershoot=\dimen202
\mult@nat@firstbox=\box56
\colbreak@box=\box57
)
(/usr/local/texlive/2011/texmf-dist/tex/latex/auto-pst-pdf/auto-pst-pdf.sty
Package: auto-pst-pdf 2009/04/26 v0.6 Wrapper for pst-pdf

(/usr/local/texlive/2011/texmf-dist/tex/latex/ifplatform/ifplatform.sty
Package: ifplatform 2010/10/22 v0.4 Testing for the operating system

(/usr/local/texlive/2011/texmf-dist/tex/generic/oberdiek/pdftexcmds.sty
Package: pdftexcmds 2011/04/22 v0.16 Utilities of pdfTeX for LuaTeX (HO)
Package pdftexcmds Info: LuaTeX not detected.
Package pdftexcmds Info: \pdf@primitive is available.
Package pdftexcmds Info: \pdf@ifprimitive is available.
Package pdftexcmds Info: \pdfdraftmode found.
)
(/usr/local/texlive/2011/texmf-dist/tex/generic/oberdiek/catchfile.sty
Package: catchfile 2011/03/01 v1.6 Catches the contents of a file (HO)

(/usr/local/texlive/2011/texmf-dist/tex/generic/oberdiek/etexcmds.sty
Package: etexcmds 2011/02/16 v1.5 Prefix for e-TeX command names (HO)
Package etexcmds Info: Could not find \expanded.
(etexcmds)             That can mean that you are not using pdfTeX 1.50 or
(etexcmds)             that some package has redefined \expanded.
(etexcmds)             In the latter case, load this package earlier.
))
runsystem(uname -s > "pst-sigsys-doc.w18")...executed.


(./pst-sigsys-doc.w18)
runsystem(rm -- "pst-sigsys-doc.w18")...executed.

)
\c@app@runs=\count159
runsystem(echo " ")...executed.

runsystem(echo "-------------------------------------------------")...executed.

runsystem(echo "auto-pst-pdf: Auxiliary LaTeX compilation")...executed.

runsystem(echo "-------------------------------------------------")...executed.

runsystem(rm -- "pst-sigsys-doc-pics.pdf")...executed.

runsystem(latex -no-shell-escape -jobname="pst-sigsys-doc-autopp" -interaction=
batchmode  "\let \APPmakepictures \empty \input  pst-sigsys-doc.tex")...execute
d.

runsystem(dvips -Ppdf -o "pst-sigsys-doc-autopp.ps" "pst-sigsys-doc-autopp.dvi"
)...executed.

runsystem(ps2pdf -dAutoRotatePages=/None "pst-sigsys-doc-autopp.ps" "pst-sigsys
-doc-autopp.pdf")...executed.

runsystem(pdfcrop  "pst-sigsys-doc-autopp.pdf" "pst-sigsys-doc-pics.pdf")...exe
cuted.

runsystem(rm -- "pst-sigsys-doc-autopp.log")...executed.

runsystem(rm -- "pst-sigsys-doc-autopp.dvi")...executed.

runsystem(rm -- "pst-sigsys-doc-autopp.ps")...executed.

runsystem(rm -- "pst-sigsys-doc-autopp.pdf")...executed.

runsystem(echo "-------------------------------------------------")...executed.

runsystem(echo "auto-pst-pdf: End auxiliary LaTeX compilation")...executed.

runsystem(echo "-------------------------------------------------")...executed.


(/usr/local/texlive/2011/texmf-dist/tex/latex/pst-pdf/pst-pdf.sty
Package: pst-pdf 2008/10/09 v1.1v PS graphics for pdfLaTeX (RN,HjG)
\c@pspicture=\count160

(/usr/local/texlive/2011/texmf-dist/tex/latex/graphics/graphicx.sty
Package: graphicx 1999/02/16 v1.0f Enhanced LaTeX Graphics (DPC,SPQR)

(/usr/local/texlive/2011/texmf-dist/tex/latex/graphics/graphics.sty
Package: graphics 2009/02/05 v1.0o Standard LaTeX Graphics (DPC,SPQR)

(/usr/local/texlive/2011/texmf-dist/tex/latex/graphics/trig.sty
Package: trig 1999/03/16 v1.09 sin cos tan (DPC)
)
(/usr/local/texlive/2011/texmf-dist/tex/latex/latexconfig/graphics.cfg
File: graphics.cfg 2010/04/23 v1.9 graphics configuration of TeX Live
)
Package graphics Info: Driver file: pdftex.def on input line 91.
)
\Gin@req@height=\dimen203
\Gin@req@width=\dimen204
)
Package pst-pdf Info: MODE: 1 (pdfTeX mode) on input line 214.
\ppf@output=\toks32

(/usr/local/texlive/2011/texmf-dist/tex/latex/preview/preview.sty
Package: preview 2010/02/14 11.86 (AUCTeX/preview-latex)
\pr@snippet=\count161
\pr@box=\box58
\pr@output=\toks33
)
(/usr/local/texlive/2011/texmf-dist/tex/latex/graphics/dvips.def
File: dvips.def 1999/02/16 v3.0i Driver-dependant file (DPC,SPQR)
)
(/usr/local/texlive/2011/texmf-dist/tex/latex/environ/environ.sty
Package: environ 2008/06/18 v0.2 A new way to define environments
)))
(/usr/local/texlive/2011/texmf-dist/tex/latex/showexpl/showexpl.sty
Package: showexpl 2007/02/03 v0.3h Typesetting example code (RN)

(/usr/local/texlive/2011/texmf-dist/tex/latex/listings/listings.sty
\lst@mode=\count162
\lst@gtempboxa=\box59
\lst@token=\toks34
\lst@length=\count163
\lst@currlwidth=\dimen205
\lst@column=\count164
\lst@pos=\count165
\lst@lostspace=\dimen206
\lst@width=\dimen207
\lst@newlines=\count166
\lst@lineno=\count167
\lst@maxwidth=\dimen208

(/usr/local/texlive/2011/texmf-dist/tex/latex/listings/lstmisc.sty
File: lstmisc.sty 2007/02/22 1.4 (Carsten Heinz)
\c@lstnumber=\count168
\lst@skipnumbers=\count169
\lst@framebox=\box60
)
(/usr/local/texlive/2011/texmf-dist/tex/latex/listings/listings.cfg
File: listings.cfg 2007/02/22 1.4 listings configuration
))
Package: listings 2007/02/22 1.4 (Carsten Heinz)

(/usr/local/texlive/2011/texmf-dist/tex/latex/tools/calc.sty
Package: calc 2007/08/22 v4.3 Infix arithmetic (KKT,FJ)
\calc@Acount=\count170
\calc@Bcount=\count171
\calc@Adimen=\dimen209
\calc@Bdimen=\dimen210
\calc@Askip=\skip68
\calc@Bskip=\skip69
LaTeX Info: Redefining \setlength on input line 76.
LaTeX Info: Redefining \addtolength on input line 77.
\calc@Ccount=\count172
\calc@Cskip=\skip70
)
(/usr/local/texlive/2011/texmf-dist/tex/latex/base/ifthen.sty
Package: ifthen 2001/05/26 v1.1c Standard LaTeX ifthen package (DPC)
)
(/usr/local/texlive/2011/texmf-dist/tex/latex/varwidth/varwidth.sty
Package: varwidth 2009/03/30 ver 0.92;  Variable-width minipages
\@vwid@box=\box61
\sift@deathcycles=\count173
\@vwid@loff=\dimen211
\@vwid@roff=\dimen212
)
(/usr/local/texlive/2011/texmf-dist/tex/latex/listings/lstmisc.sty
File: lstmisc.sty 2007/02/22 1.4 (Carsten Heinz)
\lst@WFtoken=\toks35
\lst@WF=\write3
)
\SX@ResBox=\box62
\c@ltxexample=\count174
)
(/usr/local/texlive/2011/texmf-dist/tex/latex/listings/lstlang1.sty
File: lstlang1.sty 2004/09/05 1.3 listings language file
)
(/usr/local/texlive/2011/texmf-dist/tex/latex/listings/lstlang2.sty
File: lstlang2.sty 2004/09/05 1.3 listings language file
)
(/usr/local/texlive/2011/texmf-dist/tex/latex/listings/lstlang3.sty
File: lstlang3.sty 2004/09/05 1.3 listings language file
)
(/usr/local/texlive/2011/texmf-dist/tex/latex/hyperref/hyperref.sty
Package: hyperref 2011/04/17 v6.82g Hypertext links for LaTeX

(/usr/local/texlive/2011/texmf-dist/tex/generic/oberdiek/hobsub-hyperref.sty
Package: hobsub-hyperref 2011/04/23 v1.4 Bundle oberdiek, subset hyperref (HO)

(/usr/local/texlive/2011/texmf-dist/tex/generic/oberdiek/hobsub-generic.sty
Package: hobsub-generic 2011/04/23 v1.4 Bundle oberdiek, subset generic (HO)
Package: hobsub 2011/04/23 v1.4 Subsetting bundle oberdiek (HO)
Package hobsub Info: Skipping package `infwarerr' (already loaded).
Package hobsub Info: Skipping package `ltxcmds' (already loaded).
Package hobsub Info: Skipping package `ifluatex' (already loaded).
Package hobsub Info: Skipping package `ifvtex' (already loaded).
Package: intcalc 2007/09/27 v1.1 Expandable integer calculations (HO)
Package hobsub Info: Skipping package `ifpdf' (already loaded).
Package hobsub Info: Skipping package `etexcmds' (already loaded).
Package: kvsetkeys 2011/04/07 v1.13 Key value parser (HO)
Package: kvdefinekeys 2011/04/07 v1.3 Defining keys (HO)
Package hobsub Info: Skipping package `pdftexcmds' (already loaded).
Package: pdfescape 2011/04/04 v1.12 Provides string conversions (HO)
Package: bigintcalc 2011/01/30 v1.2 Expandable big integer calculations (HO)
Package: bitset 2011/01/30 v1.1 Data type bit set (HO)
Package: uniquecounter 2011/01/30 v1.2 Provides unlimited unique counter (HO)
)
Package hobsub Info: Skipping package `hobsub' (already loaded).
Package: letltxmacro 2010/09/02 v1.4 Let assignment for LaTeX macros (HO)
Package: hopatch 2011/01/30 v1.0 Wrapper for package hooks (HO)
Package: xcolor-patch 2011/01/30 xcolor patch
Package: atveryend 2011/04/23 v1.7 Hooks at very end of document (HO)
Package atveryend Info: \enddocument detected (standard).
Package: atbegshi 2011/01/30 v1.15 At begin shipout hook (HO)
Package: refcount 2010/12/01 v3.2 Data extraction from references (HO)
Package: hycolor 2011/01/30 v1.7 Color options of hyperref/bookmark (HO)
)
(/usr/local/texlive/2011/texmf-dist/tex/latex/oberdiek/kvoptions.sty
Package: kvoptions 2010/12/23 v3.10 Keyval support for LaTeX options (HO)
)
\@linkdim=\dimen213
\Hy@linkcounter=\count175
\Hy@pagecounter=\count176

(/usr/local/texlive/2011/texmf-dist/tex/latex/hyperref/pd1enc.def
File: pd1enc.def 2011/04/17 v6.82g Hyperref: PDFDocEncoding definition (HO)
)
\Hy@SavedSpaceFactor=\count177

(/usr/local/texlive/2011/texmf-dist/tex/latex/latexconfig/hyperref.cfg
File: hyperref.cfg 2002/06/06 v1.2 hyperref configuration of TeXLive
)
Package hyperref Info: Hyper figures OFF on input line 4026.
Package hyperref Info: Link nesting OFF on input line 4031.
Package hyperref Info: Hyper index ON on input line 4034.
Package hyperref Info: Plain pages OFF on input line 4041.
Package hyperref Info: Backreferencing ON on input line 4044.
Package hyperref Info: Implicit mode ON; LaTeX internals redefined.
Package hyperref Info: Bookmarks ON on input line 4264.

(/usr/local/texlive/2011/texmf-dist/tex/latex/hyperref/backref.sty
Package: backref 2010/08/30 v1.36 Bibliographical back referencing

(/usr/local/texlive/2011/texmf-dist/tex/latex/oberdiek/rerunfilecheck.sty
Package: rerunfilecheck 2011/04/15 v1.7 Rerun checks for auxiliary files (HO)
Package uniquecounter Info: New unique counter `rerunfilecheck' on input line 2
82.
))
\c@Hy@tempcnt=\count178
LaTeX Info: Redefining \url on input line 4617.
\Fld@menulength=\count179
\Field@Width=\dimen214
\Fld@charsize=\dimen215
Package hyperref Info: Hyper figures OFF on input line 5701.
Package hyperref Info: Link nesting OFF on input line 5706.
Package hyperref Info: Hyper index ON on input line 5709.
Package hyperref Info: backreferencing ON on input line 5714.
Package hyperref Info: Link coloring OFF on input line 5721.
Package hyperref Info: Link coloring with OCG OFF on input line 5726.
Package hyperref Info: PDF/A mode OFF on input line 5731.
LaTeX Info: Redefining \ref on input line 5771.
LaTeX Info: Redefining \pageref on input line 5775.
\Hy@abspage=\count180
\c@Item=\count181
\c@Hfootnote=\count182
)

Package hyperref Message: Driver (autodetected): hpdftex.

(/usr/local/texlive/2011/texmf-dist/tex/latex/hyperref/hpdftex.def
File: hpdftex.def 2011/04/17 v6.82g Hyperref driver for pdfTeX
\Fld@listcount=\count183
\c@bookmark@seq@number=\count184
\Hy@SectionHShift=\skip71
)
Package hyperref Info: Option `colorlinks' set `true' on input line 69.


Package hyperref Warning: Option `backref' has already been used,
(hyperref)                setting the option has no effect on input line 69.

Package hyperref Info: Option `breaklinks' set `true' on input line 69.

Package hyperref Warning: Option `dvips' has already been used,
(hyperref)                setting the option has no effect on input line 69.

Package hyperref Info: Option `bookmarksopen' set `true' on input line 69.
\@indexfile=\write4
\openout4 = `pst-sigsys-doc.idx'.

Writing index file pst-sigsys-doc.idx
\syntaxbox=\box63
\example@cnt=\count185

LaTeX Warning: Unused global option(s):
    [makeidx].

(./pst-sigsys-doc.aux)
\openout1 = `pst-sigsys-doc.aux'.

LaTeX Font Info:    Checking defaults for OML/cmm/m/it on input line 284.
LaTeX Font Info:    ... okay on input line 284.
LaTeX Font Info:    Checking defaults for T1/cmr/m/n on input line 284.
LaTeX Font Info:    ... okay on input line 284.
LaTeX Font Info:    Checking defaults for OT1/cmr/m/n on input line 284.
LaTeX Font Info:    ... okay on input line 284.
LaTeX Font Info:    Checking defaults for OMS/cmsy/m/n on input line 284.
LaTeX Font Info:    ... okay on input line 284.
LaTeX Font Info:    Checking defaults for OMX/cmex/m/n on input line 284.
LaTeX Font Info:    ... okay on input line 284.
LaTeX Font Info:    Checking defaults for U/cmr/m/n on input line 284.
LaTeX Font Info:    ... okay on input line 284.
LaTeX Font Info:    Checking defaults for PD1/pdf/m/n on input line 284.
LaTeX Font Info:    ... okay on input line 284.
Package caption Info: Begin \AtBeginDocument code.
Package caption3 Info: subfig package 1.2 or 1.3 is loaded.
LaTeX Info: Redefining \subref on input line 284.
Package caption Info: hyperref package is loaded.
Package caption Info: listings package is loaded.
Package caption Info: End \AtBeginDocument code.

*geometry* detected driver: dvips
*geometry* verbose mode - [ preamble ] result:
* driver: dvips
* paper: <default>
* layout: <same size as paper>
* layoutoffset:(h,v)=(0.0pt,0.0pt)
* modes: 
* h-part:(L,W,R)=(72.26999pt, 469.75502pt, 72.26999pt)
* v-part:(T,H,B)=(72.26999pt, 650.43001pt, 72.26999pt)
* \paperwidth=614.295pt
* \paperheight=794.96999pt
* \textwidth=469.75502pt
* \textheight=650.43001pt
* \oddsidemargin=0.0pt
* \evensidemargin=0.0pt
* \topmargin=-37.0pt
* \headheight=12.0pt
* \headsep=25.0pt
* \topskip=11.0pt
* \footskip=30.0pt
* \marginparwidth=59.0pt
* \marginparsep=10.0pt
* \columnsep=10.0pt
* \skip\footins=10.0pt plus 4.0pt minus 2.0pt
* \hoffset=0.0pt
* \voffset=0.0pt
* \mag=1000
* \@twocolumnfalse
* \@twosidefalse
* \@mparswitchfalse
* \@reversemarginfalse
* (1in=72.27pt=25.4mm, 1cm=28.453pt)

(/usr/local/texlive/2011/texmf-dist/tex/context/base/supp-pdf.mkii
[Loading MPS to PDF converter (version 2006.09.02).]
\scratchcounter=\count186
\scratchdimen=\dimen216
\scratchbox=\box64
\nofMPsegments=\count187
\nofMParguments=\count188
\everyMPshowfont=\toks36
\MPscratchCnt=\count189
\MPscratchDim=\dimen217
\MPnumerator=\count190
\makeMPintoPDFobject=\count191
\everyMPtoPDFconversion=\toks37
)
Preview: Fontsize 10.95pt
Preview: PDFoutput 1
\c@lstlisting=\count192
\AtBeginShipoutBox=\box65
Package hyperref Info: Link coloring ON on input line 284.
(/usr/local/texlive/2011/texmf-dist/tex/latex/hyperref/nameref.sty
Package: nameref 2010/04/30 v2.40 Cross-referencing by name of section

(/usr/local/texlive/2011/texmf-dist/tex/generic/oberdiek/gettitlestring.sty
Package: gettitlestring 2010/12/03 v1.4 Cleanup title references (HO)
)
\c@section@level=\count193
)
LaTeX Info: Redefining \ref on input line 284.
LaTeX Info: Redefining \pageref on input line 284.
LaTeX Info: Redefining \nameref on input line 284.

(./pst-sigsys-doc.out) (./pst-sigsys-doc.out)
\@outlinefile=\write5
\openout5 = `pst-sigsys-doc.out'.

LaTeX Font Info:    Try loading font information for T1+cmtt on input line 286.


(/usr/local/texlive/2011/texmf-dist/tex/latex/base/t1cmtt.fd
File: t1cmtt.fd 1999/05/25 v2.5h Standard LaTeX font definitions
)
LaTeX Font Info:    Try loading font information for U+msa on input line 286.

(/usr/local/texlive/2011/texmf-dist/tex/latex/amsfonts/umsa.fd
File: umsa.fd 2009/06/22 v3.00 AMS symbols A
)
LaTeX Font Info:    Try loading font information for U+msb on input line 286.

(/usr/local/texlive/2011/texmf-dist/tex/latex/amsfonts/umsb.fd
File: umsb.fd 2009/06/22 v3.00 AMS symbols B
)
(./pst-sigsys-doc.toc [1


Non-PDF special ignored!
Non-PDF special ignored!
Non-PDF special ignored!{/usr/local/texlive/2011/texmf-var/fonts/map/pdftex/upd
map/pdftex.map}])
\tf@toc=\write6
\openout6 = `pst-sigsys-doc.toc'.



LaTeX Warning: Citation `pstricks' on page 2 undefined on input line 307.


LaTeX Warning: Citation `pst-node' on page 2 undefined on input line 307.


LaTeX Warning: Citation `pst-xkey' on page 2 undefined on input line 307.

LaTeX Font Info:    Try loading font information for T1+cmss on input line 323.

(/usr/local/texlive/2011/texmf-dist/tex/latex/base/t1cmss.fd
File: t1cmss.fd 1999/05/25 v2.5h Standard LaTeX font definitions
)

Package Fancyhdr Warning: \headheight is too small (12.0pt): 
 Make it at least 23.11996pt.
 We now make it that large for the rest of the document.
 This may cause the page layout to be inconsistent, however.

[2]
LaTeX Font Info:    Font shape `T1/cmtt/bx/n' in size <12> not available
(Font)              Font shape `T1/cmtt/m/n' tried instead on input line 340.

Overfull \hbox (6.79999pt too wide) in paragraph at lines 344--344
[] 
 []


LaTeX Warning: Citation `pst-plot' on page 3 undefined on input line 347.

<pst-sigsys-doc-pics.pdf, id=260, page=1, 159.59625pt x 102.3825pt>
File: pst-sigsys-doc-pics.pdf Graphic file (type pdf)

<use pst-sigsys-doc-pics.pdf, page 1>
Package pdftex.def Info: pst-sigsys-doc-pics.pdf, page1 used on input line 353.

(pdftex.def)             Requested size: 159.59584pt x 102.38225pt.
\openout3 = `pst-sigsys-doc.tmp'.

 (./pst-sigsys-doc.tmp
<pst-sigsys-doc-pics.pdf, id=261, page=2, 130.4875pt x 74.2775pt>
File: pst-sigsys-doc-pics.pdf Graphic file (type pdf)

<use pst-sigsys-doc-pics.pdf, page 2>
Package pdftex.def Info: pst-sigsys-doc-pics.pdf, page2 used on input line 2.
(pdftex.def)             Requested size: 130.48717pt x 74.27731pt.
)
--------------------------------
pos=l
width=5.5cm
hsep=10.0pt
vsep=12.0pt
overhang=0pt
rframe=
codefile=pst-sigsys-doc.tmp
\lst@firstline=1\relax 
\lst@lastline=9999999\relax 
\lst@linerange=
\if@SX@wide=FALSE
\if@SX@rangeaccept=FALSE
\if@SX@varwidth=FALSE
graphicfile=, graphicparameter=[width=\linewidth ]
--------------------------------
(./pst-sigsys-doc.tmp)

Package Fancyhdr Warning: \headheight is too small (12.0pt): 
 Make it at least 23.11996pt.
 We now make it that large for the rest of the document.
 This may cause the page layout to be inconsistent, however.

[3]
\openout3 = `pst-sigsys-doc.tmp'.

 (./pst-sigsys-doc.tmp
<pst-sigsys-doc-pics.pdf, id=278, page=3, 130.4875pt x 102.3825pt>
File: pst-sigsys-doc-pics.pdf Graphic file (type pdf)

<use pst-sigsys-doc-pics.pdf, page 3>
Package pdftex.def Info: pst-sigsys-doc-pics.pdf, page3 used on input line 2.
(pdftex.def)             Requested size: 130.48717pt x 102.38225pt.
)
--------------------------------
pos=l
width=5.5cm
hsep=10.0pt
vsep=12.0pt
overhang=0pt
rframe=
codefile=pst-sigsys-doc.tmp
\lst@firstline=1\relax 
\lst@lastline=9999999\relax 
\lst@linerange=
\if@SX@wide=FALSE
\if@SX@rangeaccept=FALSE
\if@SX@varwidth=FALSE
graphicfile=, graphicparameter=[width=\linewidth ]
--------------------------------
(./pst-sigsys-doc.tmp)
\openout3 = `pst-sigsys-doc.tmp'.

 (./pst-sigsys-doc.tmp
<pst-sigsys-doc-pics.pdf, id=279, page=4, 127.47626pt x 74.2775pt>
File: pst-sigsys-doc-pics.pdf Graphic file (type pdf)

<use pst-sigsys-doc-pics.pdf, page 4>
Package pdftex.def Info: pst-sigsys-doc-pics.pdf, page4 used on input line 2.
(pdftex.def)             Requested size: 127.47594pt x 74.27731pt.
)
--------------------------------
pos=l
width=5.5cm
hsep=10.0pt
vsep=12.0pt
overhang=0pt
rframe=
codefile=pst-sigsys-doc.tmp
\lst@firstline=1\relax 
\lst@lastline=9999999\relax 
\lst@linerange=
\if@SX@wide=FALSE
\if@SX@rangeaccept=FALSE
\if@SX@varwidth=FALSE
graphicfile=, graphicparameter=[width=\linewidth ]
--------------------------------
(./pst-sigsys-doc.tmp)
\openout3 = `pst-sigsys-doc.tmp'.

 (./pst-sigsys-doc.tmp
<pst-sigsys-doc-pics.pdf, id=280, page=5, 130.4875pt x 74.2775pt>
File: pst-sigsys-doc-pics.pdf Graphic file (type pdf)

<use pst-sigsys-doc-pics.pdf, page 5>
Package pdftex.def Info: pst-sigsys-doc-pics.pdf, page5 used on input line 2.
(pdftex.def)             Requested size: 130.48717pt x 74.27731pt.
)
--------------------------------
pos=l
width=5.5cm
hsep=10.0pt
vsep=12.0pt
overhang=0pt
rframe=
codefile=pst-sigsys-doc.tmp
\lst@firstline=1\relax 
\lst@lastline=9999999\relax 
\lst@linerange=
\if@SX@wide=FALSE
\if@SX@rangeaccept=FALSE
\if@SX@varwidth=FALSE
graphicfile=, graphicparameter=[width=\linewidth ]
--------------------------------
(./pst-sigsys-doc.tmp)
Overfull \hbox (6.79999pt too wide) in paragraph at lines 414--414
[] 
 []

<pst-sigsys-doc-pics.pdf, id=283, page=6, 115.43124pt x 66.2475pt>
File: pst-sigsys-doc-pics.pdf Graphic file (type pdf)

<use pst-sigsys-doc-pics.pdf, page 6>
Package pdftex.def Info: pst-sigsys-doc-pics.pdf, page6 used on input line 423.

(pdftex.def)             Requested size: 115.43095pt x 66.24733pt.


Package Fancyhdr Warning: \headheight is too small (12.0pt): 
 Make it at least 23.11996pt.
 We now make it that large for the rest of the document.
 This may cause the page layout to be inconsistent, however.

[4 <./pst-sigsys-doc-pics.pdf> <./pst-sigsys-doc-pics.pdf> <./pst-sigsys-doc-pi
cs.pdf> <./pst-sigsys-doc-pics.pdf> <./pst-sigsys-doc-pics.pdf>]
\openout3 = `pst-sigsys-doc.tmp'.


(./pst-sigsys-doc.tmp
<pst-sigsys-doc-pics.pdf, id=376, page=7, 158.5925pt x 102.3825pt>
File: pst-sigsys-doc-pics.pdf Graphic file (type pdf)

<use pst-sigsys-doc-pics.pdf, page 7>
Package pdftex.def Info: pst-sigsys-doc-pics.pdf, page7 used on input line 2.
(pdftex.def)             Requested size: 158.59209pt x 102.38225pt.
)
--------------------------------
pos=l
width=6.5cm
hsep=10.0pt
vsep=12.0pt
overhang=0pt
rframe=
codefile=pst-sigsys-doc.tmp
\lst@firstline=1\relax 
\lst@lastline=9999999\relax 
\lst@linerange=
\if@SX@wide=FALSE
\if@SX@rangeaccept=FALSE
\if@SX@varwidth=FALSE
graphicfile=, graphicparameter=[width=\linewidth ]
--------------------------------
(./pst-sigsys-doc.tmp)
Overfull \hbox (6.79999pt too wide) in paragraph at lines 470--470
[] 
 []

\openout3 = `pst-sigsys-doc.tmp'.

(./pst-sigsys-doc.tmp
<pst-sigsys-doc-pics.pdf, id=378, page=8, 158.5925pt x 102.3825pt>
File: pst-sigsys-doc-pics.pdf Graphic file (type pdf)

<use pst-sigsys-doc-pics.pdf, page 8>
Package pdftex.def Info: pst-sigsys-doc-pics.pdf, page8 used on input line 2.
(pdftex.def)             Requested size: 158.59209pt x 102.38225pt.
)
--------------------------------
pos=l
width=6.5cm
hsep=10.0pt
vsep=12.0pt
overhang=0pt
rframe=
codefile=pst-sigsys-doc.tmp
\lst@firstline=1\relax 
\lst@lastline=9999999\relax 
\lst@linerange=
\if@SX@wide=FALSE
\if@SX@rangeaccept=FALSE
\if@SX@varwidth=FALSE
graphicfile=, graphicparameter=[width=\linewidth ]
--------------------------------
(./pst-sigsys-doc.tmp)

Package Fancyhdr Warning: \headheight is too small (12.0pt): 
 Make it at least 23.11996pt.
 We now make it that large for the rest of the document.
 This may cause the page layout to be inconsistent, however.

[5 <./pst-sigsys-doc-pics.pdf> <./pst-sigsys-doc-pics.pdf>]
Overfull \hbox (6.79999pt too wide) in paragraph at lines 507--507
[] 
 []

<pst-sigsys-doc-pics.pdf, id=421, page=9, 82.3075pt x 73.27374pt>
File: pst-sigsys-doc-pics.pdf Graphic file (type pdf)

<use pst-sigsys-doc-pics.pdf, page 9>
Package pdftex.def Info: pst-sigsys-doc-pics.pdf, page9 used on input line 516.

(pdftex.def)             Requested size: 82.30728pt x 73.27354pt.
\openout3 = `pst-sigsys-doc.tmp'.

 (./pst-sigsys-doc.tmp
<pst-sigsys-doc-pics.pdf, id=422, page=10, 130.4875pt x 74.2775pt>
File: pst-sigsys-doc-pics.pdf Graphic file (type pdf)

<use pst-sigsys-doc-pics.pdf, page 10>
Package pdftex.def Info: pst-sigsys-doc-pics.pdf, page10 used on input line 2.
(pdftex.def)             Requested size: 130.48717pt x 74.27731pt.
)
--------------------------------
pos=l
width=6cm
hsep=10.0pt
vsep=12.0pt
overhang=0pt
rframe=
codefile=pst-sigsys-doc.tmp
\lst@firstline=1\relax 
\lst@lastline=9999999\relax 
\lst@linerange=
\if@SX@wide=FALSE
\if@SX@rangeaccept=FALSE
\if@SX@varwidth=FALSE
graphicfile=, graphicparameter=[width=\linewidth ]
--------------------------------
(./pst-sigsys-doc.tmp
Overfull \hbox (0.69356pt too wide) in paragraph at lines 3--4
[][][][][][][][][][][][][][][][][][] 
 []

)
Overfull \hbox (6.79999pt too wide) in paragraph at lines 559--559
[] 
 []


Package Fancyhdr Warning: \headheight is too small (12.0pt): 
 Make it at least 23.11996pt.
 We now make it that large for the rest of the document.
 This may cause the page layout to be inconsistent, however.

[6 <./pst-sigsys-doc-pics.pdf> <./pst-sigsys-doc-pics.pdf> <./pst-sigsys-doc-pi
cs.pdf>] <pst-sigsys-doc-pics.pdf, id=496, page=11, 149.55875pt x 74.2775pt>
File: pst-sigsys-doc-pics.pdf Graphic file (type pdf)

<use pst-sigsys-doc-pics.pdf, page 11>
Package pdftex.def Info: pst-sigsys-doc-pics.pdf, page11 used on input line 596
.
(pdftex.def)             Requested size: 149.55838pt x 74.27731pt.

<pst-sigsys-doc-pics.pdf, id=497, page=12, 104.39pt x 94.3525pt>
File: pst-sigsys-doc-pics.pdf Graphic file (type pdf)

<use pst-sigsys-doc-pics.pdf, page 12>
Package pdftex.def Info: pst-sigsys-doc-pics.pdf, page12 used on input line 618
.
(pdftex.def)             Requested size: 104.38972pt x 94.35225pt.
\openout3 = `pst-sigsys-doc.tmp'.

 (./pst-sigsys-doc.tmp
<pst-sigsys-doc-pics.pdf, id=498, page=13, 187.70125pt x 102.3825pt>
File: pst-sigsys-doc-pics.pdf Graphic file (type pdf)

<use pst-sigsys-doc-pics.pdf, page 13>
Package pdftex.def Info: pst-sigsys-doc-pics.pdf, page13 used on input line 2.
(pdftex.def)             Requested size: 187.70079pt x 102.38225pt.
)
Overfull \hbox (2.75789pt too wide) in paragraph at lines 2--642
[][] 
 []

--------------------------------
pos=l
width=6.5cm
hsep=10.0pt
vsep=12.0pt
overhang=0pt
rframe=
codefile=pst-sigsys-doc.tmp
\lst@firstline=1\relax 
\lst@lastline=9999999\relax 
\lst@linerange=
\if@SX@wide=FALSE
\if@SX@rangeaccept=FALSE
\if@SX@varwidth=FALSE
graphicfile=, graphicparameter=[width=\linewidth ]
--------------------------------
(./pst-sigsys-doc.tmp)
\openout3 = `pst-sigsys-doc.tmp'.

 (./pst-sigsys-doc.tmp
<pst-sigsys-doc-pics.pdf, id=499, page=14, 187.70125pt x 102.3825pt>
File: pst-sigsys-doc-pics.pdf Graphic file (type pdf)

<use pst-sigsys-doc-pics.pdf, page 14>
Package pdftex.def Info: pst-sigsys-doc-pics.pdf, page14 used on input line 2.
(pdftex.def)             Requested size: 187.70079pt x 102.38225pt.
)
Overfull \hbox (2.75789pt too wide) in paragraph at lines 2--650
[][] 
 []

--------------------------------
pos=l
width=6.5cm
hsep=10.0pt
vsep=12.0pt
overhang=0pt
rframe=
codefile=pst-sigsys-doc.tmp
\lst@firstline=1\relax 
\lst@lastline=9999999\relax 
\lst@linerange=
\if@SX@wide=FALSE
\if@SX@rangeaccept=FALSE
\if@SX@varwidth=FALSE
graphicfile=, graphicparameter=[width=\linewidth ]
--------------------------------
(./pst-sigsys-doc.tmp)

Package Fancyhdr Warning: \headheight is too small (12.0pt): 
 Make it at least 23.11996pt.
 We now make it that large for the rest of the document.
 This may cause the page layout to be inconsistent, however.

[7 <./pst-sigsys-doc-pics.pdf> <./pst-sigsys-doc-pics.pdf> <./pst-sigsys-doc-pi
cs.pdf>]
\openout3 = `pst-sigsys-doc.tmp'.

 (./pst-sigsys-doc.tmp
<pst-sigsys-doc-pics.pdf, id=553, page=15, 187.70125pt x 102.3825pt>
File: pst-sigsys-doc-pics.pdf Graphic file (type pdf)

<use pst-sigsys-doc-pics.pdf, page 15>
Package pdftex.def Info: pst-sigsys-doc-pics.pdf, page15 used on input line 2.
(pdftex.def)             Requested size: 187.70079pt x 102.38225pt.
)
Overfull \hbox (2.75789pt too wide) in paragraph at lines 2--659
[][] 
 []

--------------------------------
pos=l
width=6.5cm
hsep=10.0pt
vsep=12.0pt
overhang=0pt
rframe=
codefile=pst-sigsys-doc.tmp
\lst@firstline=1\relax 
\lst@lastline=9999999\relax 
\lst@linerange=
\if@SX@wide=FALSE
\if@SX@rangeaccept=FALSE
\if@SX@varwidth=FALSE
graphicfile=, graphicparameter=[width=\linewidth ]
--------------------------------
(./pst-sigsys-doc.tmp)
\openout3 = `pst-sigsys-doc.tmp'.

 (./pst-sigsys-doc.tmp
<pst-sigsys-doc-pics.pdf, id=554, page=16, 156.585pt x 46.1725pt>
File: pst-sigsys-doc-pics.pdf Graphic file (type pdf)

<use pst-sigsys-doc-pics.pdf, page 16>
Package pdftex.def Info: pst-sigsys-doc-pics.pdf, page16 used on input line 2.
(pdftex.def)             Requested size: 156.58461pt x 46.17236pt.
)
--------------------------------
pos=l
width=6.5cm
hsep=10.0pt
vsep=12.0pt
overhang=0pt
rframe=
codefile=pst-sigsys-doc.tmp
\lst@firstline=1\relax 
\lst@lastline=9999999\relax 
\lst@linerange=
\if@SX@wide=FALSE
\if@SX@rangeaccept=FALSE
\if@SX@varwidth=FALSE
graphicfile=, graphicparameter=[width=\linewidth ]
--------------------------------
(./pst-sigsys-doc.tmp)
\openout3 = `pst-sigsys-doc.tmp'.

 (./pst-sigsys-doc.tmp
<pst-sigsys-doc-pics.pdf, id=555, page=17, 156.585pt x 46.1725pt>
File: pst-sigsys-doc-pics.pdf Graphic file (type pdf)

<use pst-sigsys-doc-pics.pdf, page 17>
Package pdftex.def Info: pst-sigsys-doc-pics.pdf, page17 used on input line 2.
(pdftex.def)             Requested size: 156.58461pt x 46.17236pt.
)
--------------------------------
pos=l
width=6.5cm
hsep=10.0pt
vsep=12.0pt
overhang=0pt
rframe=
codefile=pst-sigsys-doc.tmp
\lst@firstline=1\relax 
\lst@lastline=9999999\relax 
\lst@linerange=
\if@SX@wide=FALSE
\if@SX@rangeaccept=FALSE
\if@SX@varwidth=FALSE
graphicfile=, graphicparameter=[width=\linewidth ]
--------------------------------
(./pst-sigsys-doc.tmp)
\openout3 = `pst-sigsys-doc.tmp'.

 (./pst-sigsys-doc.tmp
<pst-sigsys-doc-pics.pdf, id=556, page=18, 156.585pt x 102.3825pt>
File: pst-sigsys-doc-pics.pdf Graphic file (type pdf)

<use pst-sigsys-doc-pics.pdf, page 18>
Package pdftex.def Info: pst-sigsys-doc-pics.pdf, page18 used on input line 2.
(pdftex.def)             Requested size: 156.58461pt x 102.38225pt.
)
--------------------------------
pos=l
width=6.5cm
hsep=10.0pt
vsep=12.0pt
overhang=0pt
rframe=
codefile=pst-sigsys-doc.tmp
\lst@firstline=1\relax 
\lst@lastline=9999999\relax 
\lst@linerange=
\if@SX@wide=FALSE
\if@SX@rangeaccept=FALSE
\if@SX@varwidth=FALSE
graphicfile=, graphicparameter=[width=\linewidth ]
--------------------------------
(./pst-sigsys-doc.tmp)
Overfull \hbox (6.79999pt too wide) in paragraph at lines 706--706
[] 
 []


Package Fancyhdr Warning: \headheight is too small (12.0pt): 
 Make it at least 23.11996pt.
 We now make it that large for the rest of the document.
 This may cause the page layout to be inconsistent, however.

[8 <./pst-sigsys-doc-pics.pdf> <./pst-sigsys-doc-pics.pdf> <./pst-sigsys-doc-pi
cs.pdf> <./pst-sigsys-doc-pics.pdf> <./pst-sigsys-doc-pics.pdf>]
<pst-sigsys-doc-pics.pdf, id=646, page=19, 134.5025pt x 134.5025pt>
File: pst-sigsys-doc-pics.pdf Graphic file (type pdf)

<use pst-sigsys-doc-pics.pdf, page 19>
Package pdftex.def Info: pst-sigsys-doc-pics.pdf, page19 used on input line 716
.
(pdftex.def)             Requested size: 134.50215pt x 134.50215pt.
\openout3 = `pst-sigsys-doc.tmp'.

 (./pst-sigsys-doc.tmp
<pst-sigsys-doc-pics.pdf, id=647, page=20, 156.585pt x 74.2775pt>
File: pst-sigsys-doc-pics.pdf Graphic file (type pdf)

<use pst-sigsys-doc-pics.pdf, page 20>
Package pdftex.def Info: pst-sigsys-doc-pics.pdf, page20 used on input line 2.
(pdftex.def)             Requested size: 156.58461pt x 74.27731pt.
)
--------------------------------
pos=l
width=7.5cm
hsep=10.0pt
vsep=12.0pt
overhang=0pt
rframe=
codefile=pst-sigsys-doc.tmp
\lst@firstline=1\relax 
\lst@lastline=9999999\relax 
\lst@linerange=
\if@SX@wide=FALSE
\if@SX@rangeaccept=FALSE
\if@SX@varwidth=FALSE
graphicfile=, graphicparameter=[width=\linewidth ]
--------------------------------
(./pst-sigsys-doc.tmp)
\openout3 = `pst-sigsys-doc.tmp'.

 (./pst-sigsys-doc.tmp
<pst-sigsys-doc-pics.pdf, id=648, page=21, 127.47626pt x 74.2775pt>
File: pst-sigsys-doc-pics.pdf Graphic file (type pdf)

<use pst-sigsys-doc-pics.pdf, page 21>
Package pdftex.def Info: pst-sigsys-doc-pics.pdf, page21 used on input line 2.
(pdftex.def)             Requested size: 127.47594pt x 74.27731pt.
)
--------------------------------
pos=l
width=7.5cm
hsep=10.0pt
vsep=12.0pt
overhang=0pt
rframe=
codefile=pst-sigsys-doc.tmp
\lst@firstline=1\relax 
\lst@lastline=9999999\relax 
\lst@linerange=
\if@SX@wide=FALSE
\if@SX@rangeaccept=FALSE
\if@SX@varwidth=FALSE
graphicfile=, graphicparameter=[width=\linewidth ]
--------------------------------
(./pst-sigsys-doc.tmp)

Package Fancyhdr Warning: \headheight is too small (12.0pt): 
 Make it at least 23.11996pt.
 We now make it that large for the rest of the document.
 This may cause the page layout to be inconsistent, however.

[9 <./pst-sigsys-doc-pics.pdf> <./pst-sigsys-doc-pics.pdf>]
Overfull \hbox (6.79999pt too wide) in paragraph at lines 777--777
[] 
 []

<pst-sigsys-doc-pics.pdf, id=695, page=22, 87.32625pt x 89.33376pt>
File: pst-sigsys-doc-pics.pdf Graphic file (type pdf)

<use pst-sigsys-doc-pics.pdf, page 22>
Package pdftex.def Info: pst-sigsys-doc-pics.pdf, page22 used on input line 787
.
(pdftex.def)             Requested size: 87.32603pt x 89.33353pt.
\openout3 = `pst-sigsys-doc.tmp'.

 (./pst-sigsys-doc.tmp
<pst-sigsys-doc-pics.pdf, id=696, page=23, 184.69pt x 74.2775pt>
File: pst-sigsys-doc-pics.pdf Graphic file (type pdf)

<use pst-sigsys-doc-pics.pdf, page 23>
Package pdftex.def Info: pst-sigsys-doc-pics.pdf, page23 used on input line 2.
(pdftex.def)             Requested size: 184.68953pt x 74.27731pt.
)
--------------------------------
pos=l
width=8cm
hsep=10.0pt
vsep=12.0pt
overhang=0pt
rframe=
codefile=pst-sigsys-doc.tmp
\lst@firstline=1\relax 
\lst@lastline=9999999\relax 
\lst@linerange=
\if@SX@wide=FALSE
\if@SX@rangeaccept=FALSE
\if@SX@varwidth=FALSE
graphicfile=, graphicparameter=[width=\linewidth ]
--------------------------------
(./pst-sigsys-doc.tmp)
Overfull \hbox (6.79999pt too wide) in paragraph at lines 836--836
[] 
 []


Package Fancyhdr Warning: \headheight is too small (12.0pt): 
 Make it at least 23.11996pt.
 We now make it that large for the rest of the document.
 This may cause the page layout to be inconsistent, however.

[10 <./pst-sigsys-doc-pics.pdf> <./pst-sigsys-doc-pics.pdf> <./pst-sigsys-doc-p
ics.pdf>] <pst-sigsys-doc-pics.pdf, id=774, page=24, 120.45pt x 115.43124pt>
File: pst-sigsys-doc-pics.pdf Graphic file (type pdf)

<use pst-sigsys-doc-pics.pdf, page 24>
Package pdftex.def Info: pst-sigsys-doc-pics.pdf, page24 used on input line 846
.
(pdftex.def)             Requested size: 120.44969pt x 115.43095pt.
\openout3 = `pst-sigsys-doc.tmp'.

 (./pst-sigsys-doc.tmp
<pst-sigsys-doc-pics.pdf, id=775, page=25, 156.585pt x 74.2775pt>
File: pst-sigsys-doc-pics.pdf Graphic file (type pdf)

<use pst-sigsys-doc-pics.pdf, page 25>
Package pdftex.def Info: pst-sigsys-doc-pics.pdf, page25 used on input line 2.
(pdftex.def)             Requested size: 156.58461pt x 74.27731pt.
)
--------------------------------
pos=l
width=6.5cm
hsep=10.0pt
vsep=12.0pt
overhang=0pt
rframe=
codefile=pst-sigsys-doc.tmp
\lst@firstline=1\relax 
\lst@lastline=9999999\relax 
\lst@linerange=
\if@SX@wide=FALSE
\if@SX@rangeaccept=FALSE
\if@SX@varwidth=FALSE
graphicfile=, graphicparameter=[width=\linewidth ]
--------------------------------
(./pst-sigsys-doc.tmp)
\openout3 = `pst-sigsys-doc.tmp'.

 (./pst-sigsys-doc.tmp
<pst-sigsys-doc-pics.pdf, id=776, page=26, 156.585pt x 74.2775pt>
File: pst-sigsys-doc-pics.pdf Graphic file (type pdf)

<use pst-sigsys-doc-pics.pdf, page 26>
Package pdftex.def Info: pst-sigsys-doc-pics.pdf, page26 used on input line 2.
(pdftex.def)             Requested size: 156.58461pt x 74.27731pt.
)
--------------------------------
pos=l
width=6.5cm
hsep=10.0pt
vsep=12.0pt
overhang=0pt
rframe=
codefile=pst-sigsys-doc.tmp
\lst@firstline=1\relax 
\lst@lastline=9999999\relax 
\lst@linerange=
\if@SX@wide=FALSE
\if@SX@rangeaccept=FALSE
\if@SX@varwidth=FALSE
graphicfile=, graphicparameter=[width=\linewidth ]
--------------------------------
(./pst-sigsys-doc.tmp)

Package Fancyhdr Warning: \headheight is too small (12.0pt): 
 Make it at least 23.11996pt.
 We now make it that large for the rest of the document.
 This may cause the page layout to be inconsistent, however.

[11 <./pst-sigsys-doc-pics.pdf> <./pst-sigsys-doc-pics.pdf>]
Overfull \hbox (6.79999pt too wide) in paragraph at lines 908--908
[] 
 []

\openout3 = `pst-sigsys-doc.tmp'.

(./pst-sigsys-doc.tmp
<pst-sigsys-doc-pics.pdf, id=814, page=27, 156.585pt x 74.2775pt>
File: pst-sigsys-doc-pics.pdf Graphic file (type pdf)

<use pst-sigsys-doc-pics.pdf, page 27>
Package pdftex.def Info: pst-sigsys-doc-pics.pdf, page27 used on input line 2.
(pdftex.def)             Requested size: 156.58461pt x 74.27731pt.
)
--------------------------------
pos=l
width=6.5cm
hsep=10.0pt
vsep=12.0pt
overhang=0pt
rframe=
codefile=pst-sigsys-doc.tmp
\lst@firstline=1\relax 
\lst@lastline=9999999\relax 
\lst@linerange=
\if@SX@wide=FALSE
\if@SX@rangeaccept=FALSE
\if@SX@varwidth=FALSE
graphicfile=, graphicparameter=[width=\linewidth ]
--------------------------------
(./pst-sigsys-doc.tmp)
\openout3 = `pst-sigsys-doc.tmp'.

 (./pst-sigsys-doc.tmp
<pst-sigsys-doc-pics.pdf, id=815, page=28, 156.585pt x 74.2775pt>
File: pst-sigsys-doc-pics.pdf Graphic file (type pdf)

<use pst-sigsys-doc-pics.pdf, page 28>
Package pdftex.def Info: pst-sigsys-doc-pics.pdf, page28 used on input line 2.
(pdftex.def)             Requested size: 156.58461pt x 74.27731pt.
)
--------------------------------
pos=l
width=6.5cm
hsep=10.0pt
vsep=12.0pt
overhang=0pt
rframe=
codefile=pst-sigsys-doc.tmp
\lst@firstline=1\relax 
\lst@lastline=9999999\relax 
\lst@linerange=
\if@SX@wide=FALSE
\if@SX@rangeaccept=FALSE
\if@SX@varwidth=FALSE
graphicfile=, graphicparameter=[width=\linewidth ]
--------------------------------
(./pst-sigsys-doc.tmp)
Overfull \hbox (6.79999pt too wide) in paragraph at lines 938--938
[] 
 []

<pst-sigsys-doc-pics.pdf, id=817, page=29, 86.3225pt x 86.3225pt>
File: pst-sigsys-doc-pics.pdf Graphic file (type pdf)

<use pst-sigsys-doc-pics.pdf, page 29>
Package pdftex.def Info: pst-sigsys-doc-pics.pdf, page29 used on input line 948
.
(pdftex.def)             Requested size: 86.32227pt x 86.32227pt.
\openout3 = `pst-sigsys-doc.tmp'.

 (./pst-sigsys-doc.tmp
<pst-sigsys-doc-pics.pdf, id=818, page=30, 156.585pt x 74.2775pt>
File: pst-sigsys-doc-pics.pdf Graphic file (type pdf)

<use pst-sigsys-doc-pics.pdf, page 30>
Package pdftex.def Info: pst-sigsys-doc-pics.pdf, page30 used on input line 2.
(pdftex.def)             Requested size: 156.58461pt x 74.27731pt.
)
--------------------------------
pos=l
width=7cm
hsep=10.0pt
vsep=12.0pt
overhang=0pt
rframe=
codefile=pst-sigsys-doc.tmp
\lst@firstline=1\relax 
\lst@lastline=9999999\relax 
\lst@linerange=
\if@SX@wide=FALSE
\if@SX@rangeaccept=FALSE
\if@SX@varwidth=FALSE
graphicfile=, graphicparameter=[width=\linewidth ]
--------------------------------
(./pst-sigsys-doc.tmp)

Package Fancyhdr Warning: \headheight is too small (12.0pt): 
 Make it at least 23.11996pt.
 We now make it that large for the rest of the document.
 This may cause the page layout to be inconsistent, however.

[12 <./pst-sigsys-doc-pics.pdf> <./pst-sigsys-doc-pics.pdf> <./pst-sigsys-doc-p
ics.pdf>]
Overfull \hbox (6.79999pt too wide) in paragraph at lines 977--977
[] 
 []

<pst-sigsys-doc-pics.pdf, id=868, page=31, 117.43875pt x 115.43124pt>
File: pst-sigsys-doc-pics.pdf Graphic file (type pdf)

<use pst-sigsys-doc-pics.pdf, page 31>
Package pdftex.def Info: pst-sigsys-doc-pics.pdf, page31 used on input line 987
.
(pdftex.def)             Requested size: 117.43845pt x 115.43095pt.
\openout3 = `pst-sigsys-doc.tmp'.

 (./pst-sigsys-doc.tmp
<pst-sigsys-doc-pics.pdf, id=869, page=32, 156.585pt x 74.2775pt>
File: pst-sigsys-doc-pics.pdf Graphic file (type pdf)

<use pst-sigsys-doc-pics.pdf, page 32>
Package pdftex.def Info: pst-sigsys-doc-pics.pdf, page32 used on input line 2.
(pdftex.def)             Requested size: 156.58461pt x 74.27731pt.
)
--------------------------------
pos=l
width=7cm
hsep=10.0pt
vsep=12.0pt
overhang=0pt
rframe=
codefile=pst-sigsys-doc.tmp
\lst@firstline=1\relax 
\lst@lastline=9999999\relax 
\lst@linerange=
\if@SX@wide=FALSE
\if@SX@rangeaccept=FALSE
\if@SX@varwidth=FALSE
graphicfile=, graphicparameter=[width=\linewidth ]
--------------------------------
(./pst-sigsys-doc.tmp)
Overfull \hbox (6.79999pt too wide) in paragraph at lines 1018--1018
[] 
 []


Package Fancyhdr Warning: \headheight is too small (12.0pt): 
 Make it at least 23.11996pt.
 We now make it that large for the rest of the document.
 This may cause the page layout to be inconsistent, however.

[13 <./pst-sigsys-doc-pics.pdf> <./pst-sigsys-doc-pics.pdf> <./pst-sigsys-doc-p
ics.pdf> <./pst-sigsys-doc-pics.pdf>]
<pst-sigsys-doc-pics.pdf, id=929, page=33, 207.77625pt x 120.45pt>
File: pst-sigsys-doc-pics.pdf Graphic file (type pdf)

<use pst-sigsys-doc-pics.pdf, page 33>
Package pdftex.def Info: pst-sigsys-doc-pics.pdf, page33 used on input line 102
8.
(pdftex.def)             Requested size: 207.77573pt x 120.44969pt.
\openout3 = `pst-sigsys-doc.tmp'.

 (./pst-sigsys-doc.tmp
<pst-sigsys-doc-pics.pdf, id=930, page=34, 184.69pt x 74.2775pt>
File: pst-sigsys-doc-pics.pdf Graphic file (type pdf)

<use pst-sigsys-doc-pics.pdf, page 34>
Package pdftex.def Info: pst-sigsys-doc-pics.pdf, page34 used on input line 2.
(pdftex.def)             Requested size: 184.68953pt x 74.27731pt.
)
--------------------------------
pos=l
width=6.5cm
hsep=10.0pt
vsep=12.0pt
overhang=0pt
rframe=
codefile=pst-sigsys-doc.tmp
\lst@firstline=1\relax 
\lst@lastline=9999999\relax 
\lst@linerange=
\if@SX@wide=FALSE
\if@SX@rangeaccept=FALSE
\if@SX@varwidth=FALSE
graphicfile=, graphicparameter=[width=\linewidth ]
--------------------------------
(./pst-sigsys-doc.tmp
Overfull \hbox (2.32289pt too wide) in paragraph at lines 3--4
[][][][][][][][][][][][][][] 
 []

)
Overfull \hbox (6.79999pt too wide) in paragraph at lines 1065--1065
[] 
 []

<pst-sigsys-doc-pics.pdf, id=933, page=35, 250.9375pt x 102.3825pt>
File: pst-sigsys-doc-pics.pdf Graphic file (type pdf)

<use pst-sigsys-doc-pics.pdf, page 35>
Package pdftex.def Info: pst-sigsys-doc-pics.pdf, page35 used on input line 107
5.
(pdftex.def)             Requested size: 250.93687pt x 102.38225pt.
\openout3 = `pst-sigsys-doc.tmp'.

 (./pst-sigsys-doc.tmp
<pst-sigsys-doc-pics.pdf, id=934, page=36, 184.69pt x 74.2775pt>
File: pst-sigsys-doc-pics.pdf Graphic file (type pdf)

<use pst-sigsys-doc-pics.pdf, page 36>
Package pdftex.def Info: pst-sigsys-doc-pics.pdf, page36 used on input line 2.
(pdftex.def)             Requested size: 184.68953pt x 74.27731pt.
)
--------------------------------
pos=l
width=8cm
hsep=10.0pt
vsep=12.0pt
overhang=0pt
rframe=
codefile=pst-sigsys-doc.tmp
\lst@firstline=1\relax 
\lst@lastline=9999999\relax 
\lst@linerange=
\if@SX@wide=FALSE
\if@SX@rangeaccept=FALSE
\if@SX@varwidth=FALSE
graphicfile=, graphicparameter=[width=\linewidth ]
--------------------------------
(./pst-sigsys-doc.tmp)

Package Fancyhdr Warning: \headheight is too small (12.0pt): 
 Make it at least 23.11996pt.
 We now make it that large for the rest of the document.
 This may cause the page layout to be inconsistent, however.

[14 <./pst-sigsys-doc-pics.pdf> <./pst-sigsys-doc-pics.pdf> <./pst-sigsys-doc-p
ics.pdf>]
Overfull \hbox (6.79999pt too wide) in paragraph at lines 1144--1144
[] 
 []

<pst-sigsys-doc-pics.pdf, id=1004, page=37, 272.01625pt x 115.43124pt>
File: pst-sigsys-doc-pics.pdf Graphic file (type pdf)

<use pst-sigsys-doc-pics.pdf, page 37>
Package pdftex.def Info: pst-sigsys-doc-pics.pdf, page37 used on input line 115
4.
(pdftex.def)             Requested size: 272.01558pt x 115.43095pt.
\openout3 = `pst-sigsys-doc.tmp'.

 (./pst-sigsys-doc.tmp
<pst-sigsys-doc-pics.pdf, id=1005, page=38, 130.4875pt x 74.2775pt>
File: pst-sigsys-doc-pics.pdf Graphic file (type pdf)

<use pst-sigsys-doc-pics.pdf, page 38>
Package pdftex.def Info: pst-sigsys-doc-pics.pdf, page38 used on input line 2.
(pdftex.def)             Requested size: 130.48717pt x 74.27731pt.
)
--------------------------------
pos=l
width=6cm
hsep=10.0pt
vsep=12.0pt
overhang=0pt
rframe=
codefile=pst-sigsys-doc.tmp
\lst@firstline=1\relax 
\lst@lastline=9999999\relax 
\lst@linerange=
\if@SX@wide=FALSE
\if@SX@rangeaccept=FALSE
\if@SX@varwidth=FALSE
graphicfile=, graphicparameter=[width=\linewidth ]
--------------------------------
(./pst-sigsys-doc.tmp)

Package Fancyhdr Warning: \headheight is too small (12.0pt): 
 Make it at least 23.11996pt.
 We now make it that large for the rest of the document.
 This may cause the page layout to be inconsistent, however.

[15 <./pst-sigsys-doc-pics.pdf> <./pst-sigsys-doc-pics.pdf> <./pst-sigsys-doc-p
ics.pdf>]
Overfull \hbox (6.79999pt too wide) in paragraph at lines 1199--1199
[] 
 []

\openout3 = `pst-sigsys-doc.tmp'.

(./pst-sigsys-doc.tmp
<pst-sigsys-doc-pics.pdf, id=1075, page=39, 188.705pt x 74.2775pt>
File: pst-sigsys-doc-pics.pdf Graphic file (type pdf)

<use pst-sigsys-doc-pics.pdf, page 39>
Package pdftex.def Info: pst-sigsys-doc-pics.pdf, page39 used on input line 2.
(pdftex.def)             Requested size: 188.70453pt x 74.27731pt.
)
--------------------------------
pos=l
width=7cm
hsep=10.0pt
vsep=12.0pt
overhang=0pt
rframe=
codefile=pst-sigsys-doc.tmp
\lst@firstline=1\relax 
\lst@lastline=9999999\relax 
\lst@linerange=
\if@SX@wide=FALSE
\if@SX@rangeaccept=FALSE
\if@SX@varwidth=FALSE
graphicfile=, graphicparameter=[width=\linewidth ]
--------------------------------
(./pst-sigsys-doc.tmp
Underfull \hbox (badness 10000) in paragraph at lines 8--9
[][][][][][][][][][][][][][][][][][][][][][][][][][][][]
 []

)
Overfull \hbox (6.79999pt too wide) in paragraph at lines 1224--1224
[] 
 []

\openout3 = `pst-sigsys-doc.tmp'.

(./pst-sigsys-doc.tmp
<pst-sigsys-doc-pics.pdf, id=1076, page=40, 188.705pt x 74.2775pt>
File: pst-sigsys-doc-pics.pdf Graphic file (type pdf)

<use pst-sigsys-doc-pics.pdf, page 40>
Package pdftex.def Info: pst-sigsys-doc-pics.pdf, page40 used on input line 2.
(pdftex.def)             Requested size: 188.70453pt x 74.27731pt.
)
Overfull \hbox (3.76163pt too wide) in paragraph at lines 2--1244
[][] 
 []

--------------------------------
pos=l
width=6.5cm
hsep=10.0pt
vsep=12.0pt
overhang=0pt
rframe=
codefile=pst-sigsys-doc.tmp
\lst@firstline=1\relax 
\lst@lastline=9999999\relax 
\lst@linerange=
\if@SX@wide=FALSE
\if@SX@rangeaccept=FALSE
\if@SX@varwidth=FALSE
graphicfile=, graphicparameter=[width=\linewidth ]
--------------------------------
(./pst-sigsys-doc.tmp
Overfull \hbox (2.32289pt too wide) in paragraph at lines 3--4
[][][][][][][][][][][][][][][][][][] 
 []

)
Overfull \hbox (6.79999pt too wide) in paragraph at lines 1253--1253
[] 
 []


Package Fancyhdr Warning: \headheight is too small (12.0pt): 
 Make it at least 23.11996pt.
 We now make it that large for the rest of the document.
 This may cause the page layout to be inconsistent, however.

[16 <./pst-sigsys-doc-pics.pdf> <./pst-sigsys-doc-pics.pdf>]
<pst-sigsys-doc-pics.pdf, id=1146, page=41, 153.57375pt x 89.33376pt>
File: pst-sigsys-doc-pics.pdf Graphic file (type pdf)

<use pst-sigsys-doc-pics.pdf, page 41>
Package pdftex.def Info: pst-sigsys-doc-pics.pdf, page41 used on input line 126
3.
(pdftex.def)             Requested size: 153.57336pt x 89.33353pt.
\openout3 = `pst-sigsys-doc.tmp'.

 (./pst-sigsys-doc.tmp
<pst-sigsys-doc-pics.pdf, id=1147, page=42, 187.70125pt x 74.2775pt>
File: pst-sigsys-doc-pics.pdf Graphic file (type pdf)

<use pst-sigsys-doc-pics.pdf, page 42>
Package pdftex.def Info: pst-sigsys-doc-pics.pdf, page42 used on input line 2.
(pdftex.def)             Requested size: 187.70079pt x 74.27731pt.
)
--------------------------------
pos=l
width=7.5cm
hsep=10.0pt
vsep=12.0pt
overhang=0pt
rframe=
codefile=pst-sigsys-doc.tmp
\lst@firstline=1\relax 
\lst@lastline=9999999\relax 
\lst@linerange=
\if@SX@wide=FALSE
\if@SX@rangeaccept=FALSE
\if@SX@varwidth=FALSE
graphicfile=, graphicparameter=[width=\linewidth ]
--------------------------------
(./pst-sigsys-doc.tmp)
\openout3 = `pst-sigsys-doc.tmp'.

 (./pst-sigsys-doc.tmp
<pst-sigsys-doc-pics.pdf, id=1148, page=43, 187.70125pt x 74.2775pt>
File: pst-sigsys-doc-pics.pdf Graphic file (type pdf)

<use pst-sigsys-doc-pics.pdf, page 43>
Package pdftex.def Info: pst-sigsys-doc-pics.pdf, page43 used on input line 2.
(pdftex.def)             Requested size: 187.70079pt x 74.27731pt.
)
--------------------------------
pos=l
width=7.5cm
hsep=10.0pt
vsep=12.0pt
overhang=0pt
rframe=
codefile=pst-sigsys-doc.tmp
\lst@firstline=1\relax 
\lst@lastline=9999999\relax 
\lst@linerange=
\if@SX@wide=FALSE
\if@SX@rangeaccept=FALSE
\if@SX@varwidth=FALSE
graphicfile=, graphicparameter=[width=\linewidth ]
--------------------------------
(./pst-sigsys-doc.tmp)
\openout3 = `pst-sigsys-doc.tmp'.

 (./pst-sigsys-doc.tmp
<pst-sigsys-doc-pics.pdf, id=1149, page=44, 187.70125pt x 102.3825pt>
File: pst-sigsys-doc-pics.pdf Graphic file (type pdf)

<use pst-sigsys-doc-pics.pdf, page 44>
Package pdftex.def Info: pst-sigsys-doc-pics.pdf, page44 used on input line 2.
(pdftex.def)             Requested size: 187.70079pt x 102.38225pt.
)
--------------------------------
pos=l
width=7.5cm
hsep=10.0pt
vsep=12.0pt
overhang=0pt
rframe=
codefile=pst-sigsys-doc.tmp
\lst@firstline=1\relax 
\lst@lastline=9999999\relax 
\lst@linerange=
\if@SX@wide=FALSE
\if@SX@rangeaccept=FALSE
\if@SX@varwidth=FALSE
graphicfile=, graphicparameter=[width=\linewidth ]
--------------------------------
(./pst-sigsys-doc.tmp)

Package Fancyhdr Warning: \headheight is too small (12.0pt): 
 Make it at least 23.11996pt.
 We now make it that large for the rest of the document.
 This may cause the page layout to be inconsistent, however.

[17 <./pst-sigsys-doc-pics.pdf> <./pst-sigsys-doc-pics.pdf> <./pst-sigsys-doc-p
ics.pdf>]
Overfull \hbox (6.79999pt too wide) in paragraph at lines 1327--1327
[] 
 []

<pst-sigsys-doc-pics.pdf, id=1223, page=45, 104.39pt x 98.3675pt>
File: pst-sigsys-doc-pics.pdf Graphic file (type pdf)

<use pst-sigsys-doc-pics.pdf, page 45>
Package pdftex.def Info: pst-sigsys-doc-pics.pdf, page45 used on input line 133
7.
(pdftex.def)             Requested size: 104.38972pt x 98.36723pt.
\openout3 = `pst-sigsys-doc.tmp'.

 (./pst-sigsys-doc.tmp
<pst-sigsys-doc-pics.pdf, id=1224, page=46, 184.69pt x 131.49126pt>
File: pst-sigsys-doc-pics.pdf Graphic file (type pdf)

<use pst-sigsys-doc-pics.pdf, page 46>
Package pdftex.def Info: pst-sigsys-doc-pics.pdf, page46 used on input line 2.
(pdftex.def)             Requested size: 184.68953pt x 131.49092pt.
)
--------------------------------
pos=l
width=7.5cm
hsep=10.0pt
vsep=12.0pt
overhang=0pt
rframe=
codefile=pst-sigsys-doc.tmp
\lst@firstline=1\relax 
\lst@lastline=9999999\relax 
\lst@linerange=
\if@SX@wide=FALSE
\if@SX@rangeaccept=FALSE
\if@SX@varwidth=FALSE
graphicfile=, graphicparameter=[width=\linewidth ]
--------------------------------
(./pst-sigsys-doc.tmp)

Package Fancyhdr Warning: \headheight is too small (12.0pt): 
 Make it at least 23.11996pt.
 We now make it that large for the rest of the document.
 This may cause the page layout to be inconsistent, however.

[18 <./pst-sigsys-doc-pics.pdf> <./pst-sigsys-doc-pics.pdf>]
Overfull \hbox (6.79999pt too wide) in paragraph at lines 1393--1393
[] 
 []

\openout3 = `pst-sigsys-doc.tmp'.

(./pst-sigsys-doc.tmp
<pst-sigsys-doc-pics.pdf, id=1265, page=47, 184.69pt x 74.2775pt>
File: pst-sigsys-doc-pics.pdf Graphic file (type pdf)

<use pst-sigsys-doc-pics.pdf, page 47>
Package pdftex.def Info: pst-sigsys-doc-pics.pdf, page47 used on input line 2.
(pdftex.def)             Requested size: 184.68953pt x 74.27731pt.
)
--------------------------------
pos=l
width=7cm
hsep=10.0pt
vsep=12.0pt
overhang=0pt
rframe=
codefile=pst-sigsys-doc.tmp
\lst@firstline=1\relax 
\lst@lastline=9999999\relax 
\lst@linerange=
\if@SX@wide=FALSE
\if@SX@rangeaccept=FALSE
\if@SX@varwidth=FALSE
graphicfile=, graphicparameter=[width=\linewidth ]
--------------------------------
(./pst-sigsys-doc.tmp)
Overfull \hbox (6.79999pt too wide) in paragraph at lines 1418--1418
[] 
 []

\openout3 = `pst-sigsys-doc.tmp'.

(./pst-sigsys-doc.tmp
<pst-sigsys-doc-pics.pdf, id=1266, page=48, 184.69pt x 74.2775pt>
File: pst-sigsys-doc-pics.pdf Graphic file (type pdf)

<use pst-sigsys-doc-pics.pdf, page 48>
Package pdftex.def Info: pst-sigsys-doc-pics.pdf, page48 used on input line 2.
(pdftex.def)             Requested size: 184.68953pt x 74.27731pt.
)
--------------------------------
pos=l
width=7cm
hsep=10.0pt
vsep=12.0pt
overhang=0pt
rframe=
codefile=pst-sigsys-doc.tmp
\lst@firstline=1\relax 
\lst@lastline=9999999\relax 
\lst@linerange=
\if@SX@wide=FALSE
\if@SX@rangeaccept=FALSE
\if@SX@varwidth=FALSE
graphicfile=, graphicparameter=[width=\linewidth ]
--------------------------------
(./pst-sigsys-doc.tmp)

Package Fancyhdr Warning: \headheight is too small (12.0pt): 
 Make it at least 23.11996pt.
 We now make it that large for the rest of the document.
 This may cause the page layout to be inconsistent, however.

[19 <./pst-sigsys-doc-pics.pdf> <./pst-sigsys-doc-pics.pdf>]
Overfull \hbox (6.79999pt too wide) in paragraph at lines 1443--1443
[] 
 []

LaTeX Font Info:    Try loading font information for OMS+cmr on input line 1448
.
(/usr/local/texlive/2011/texmf-dist/tex/latex/base/omscmr.fd
File: omscmr.fd 1999/05/25 v2.5h Standard LaTeX font definitions
)
LaTeX Font Info:    Font shape `OMS/cmr/m/n' in size <10.95> not available
(Font)              Font shape `OMS/cmsy/m/n' tried instead on input line 1448.

\openout3 = `pst-sigsys-doc.tmp'.


(./pst-sigsys-doc.tmp
<pst-sigsys-doc-pics.pdf, id=1329, page=49, 184.69pt x 74.2775pt>
File: pst-sigsys-doc-pics.pdf Graphic file (type pdf)

<use pst-sigsys-doc-pics.pdf, page 49>
Package pdftex.def Info: pst-sigsys-doc-pics.pdf, page49 used on input line 2.
(pdftex.def)             Requested size: 184.68953pt x 74.27731pt.
)
--------------------------------
pos=l
width=7.5cm
hsep=10.0pt
vsep=12.0pt
overhang=0pt
rframe=
codefile=pst-sigsys-doc.tmp
\lst@firstline=1\relax 
\lst@lastline=9999999\relax 
\lst@linerange=
\if@SX@wide=FALSE
\if@SX@rangeaccept=FALSE
\if@SX@varwidth=FALSE
graphicfile=, graphicparameter=[width=\linewidth ]
--------------------------------
(./pst-sigsys-doc.tmp)

Package Fancyhdr Warning: \headheight is too small (12.0pt): 
 Make it at least 23.11996pt.
 We now make it that large for the rest of the document.
 This may cause the page layout to be inconsistent, however.

[20 <./pst-sigsys-doc-pics.pdf>]
\openout3 = `pst-sigsys-doc.tmp'.

 (./pst-sigsys-doc.tmp
<pst-sigsys-doc-pics.pdf, id=1372, page=50, 184.69pt x 74.2775pt>
File: pst-sigsys-doc-pics.pdf Graphic file (type pdf)

<use pst-sigsys-doc-pics.pdf, page 50>
Package pdftex.def Info: pst-sigsys-doc-pics.pdf, page50 used on input line 2.
(pdftex.def)             Requested size: 184.68953pt x 74.27731pt.
)
--------------------------------
pos=l
width=7.5cm
hsep=10.0pt
vsep=12.0pt
overhang=0pt
rframe=
codefile=pst-sigsys-doc.tmp
\lst@firstline=1\relax 
\lst@lastline=9999999\relax 
\lst@linerange=
\if@SX@wide=FALSE
\if@SX@rangeaccept=FALSE
\if@SX@varwidth=FALSE
graphicfile=, graphicparameter=[width=\linewidth ]
--------------------------------
(./pst-sigsys-doc.tmp)
\openout3 = `pst-sigsys-doc.tmp'.

 (./pst-sigsys-doc.tmp
<pst-sigsys-doc-pics.pdf, id=1373, page=51, 184.69pt x 74.2775pt>
File: pst-sigsys-doc-pics.pdf Graphic file (type pdf)

<use pst-sigsys-doc-pics.pdf, page 51>
Package pdftex.def Info: pst-sigsys-doc-pics.pdf, page51 used on input line 2.
(pdftex.def)             Requested size: 184.68953pt x 74.27731pt.
)
--------------------------------
pos=l
width=7.5cm
hsep=10.0pt
vsep=12.0pt
overhang=0pt
rframe=
codefile=pst-sigsys-doc.tmp
\lst@firstline=1\relax 
\lst@lastline=9999999\relax 
\lst@linerange=
\if@SX@wide=FALSE
\if@SX@rangeaccept=FALSE
\if@SX@varwidth=FALSE
graphicfile=, graphicparameter=[width=\linewidth ]
--------------------------------
(./pst-sigsys-doc.tmp)
\openout3 = `pst-sigsys-doc.tmp'.

 (./pst-sigsys-doc.tmp
<pst-sigsys-doc-pics.pdf, id=1374, page=52, 184.69pt x 74.2775pt>
File: pst-sigsys-doc-pics.pdf Graphic file (type pdf)

<use pst-sigsys-doc-pics.pdf, page 52>
Package pdftex.def Info: pst-sigsys-doc-pics.pdf, page52 used on input line 2.
(pdftex.def)             Requested size: 184.68953pt x 74.27731pt.
)
--------------------------------
pos=l
width=7.5cm
hsep=10.0pt
vsep=12.0pt
overhang=0pt
rframe=
codefile=pst-sigsys-doc.tmp
\lst@firstline=1\relax 
\lst@lastline=9999999\relax 
\lst@linerange=
\if@SX@wide=FALSE
\if@SX@rangeaccept=FALSE
\if@SX@varwidth=FALSE
graphicfile=, graphicparameter=[width=\linewidth ]
--------------------------------
(./pst-sigsys-doc.tmp)
Overfull \hbox (6.79999pt too wide) in paragraph at lines 1520--1520
[] 
 []


Package Fancyhdr Warning: \headheight is too small (12.0pt): 
 Make it at least 23.11996pt.
 We now make it that large for the rest of the document.
 This may cause the page layout to be inconsistent, however.

[21 <./pst-sigsys-doc-pics.pdf> <./pst-sigsys-doc-pics.pdf> <./pst-sigsys-doc-p
ics.pdf> <./pst-sigsys-doc-pics.pdf>]
\openout3 = `pst-sigsys-doc.tmp'.

 (./pst-sigsys-doc.tmp
<pst-sigsys-doc-pics.pdf, id=1464, page=53, 102.3825pt x 131.49126pt>
File: pst-sigsys-doc-pics.pdf Graphic file (type pdf)

<use pst-sigsys-doc-pics.pdf, page 53>
Package pdftex.def Info: pst-sigsys-doc-pics.pdf, page53 used on input line 2.
(pdftex.def)             Requested size: 102.38225pt x 131.49092pt.
)
--------------------------------
pos=l
width=6.5cm
hsep=10.0pt
vsep=12.0pt
overhang=0pt
rframe=
codefile=pst-sigsys-doc.tmp
\lst@firstline=1\relax 
\lst@lastline=9999999\relax 
\lst@linerange=
\if@SX@wide=FALSE
\if@SX@rangeaccept=FALSE
\if@SX@varwidth=FALSE
graphicfile=, graphicparameter=[width=\linewidth ]
--------------------------------
(./pst-sigsys-doc.tmp)
\openout3 = `pst-sigsys-doc.tmp'.

 (./pst-sigsys-doc.tmp
<pst-sigsys-doc-pics.pdf, id=1465, page=54, 130.4875pt x 102.3825pt>
File: pst-sigsys-doc-pics.pdf Graphic file (type pdf)

<use pst-sigsys-doc-pics.pdf, page 54>
Package pdftex.def Info: pst-sigsys-doc-pics.pdf, page54 used on input line 2.
(pdftex.def)             Requested size: 130.48717pt x 102.38225pt.
)
--------------------------------
pos=l
width=6.5cm
hsep=10.0pt
vsep=12.0pt
overhang=0pt
rframe=
codefile=pst-sigsys-doc.tmp
\lst@firstline=1\relax 
\lst@lastline=9999999\relax 
\lst@linerange=
\if@SX@wide=FALSE
\if@SX@rangeaccept=FALSE
\if@SX@varwidth=FALSE
graphicfile=, graphicparameter=[width=\linewidth ]
--------------------------------
(./pst-sigsys-doc.tmp)
\openout3 = `pst-sigsys-doc.tmp'.

 (./pst-sigsys-doc.tmp
<pst-sigsys-doc-pics.pdf, id=1466, page=55, 159.59625pt x 131.49126pt>
File: pst-sigsys-doc-pics.pdf Graphic file (type pdf)

<use pst-sigsys-doc-pics.pdf, page 55>
Package pdftex.def Info: pst-sigsys-doc-pics.pdf, page55 used on input line 2.
(pdftex.def)             Requested size: 159.59584pt x 131.49092pt.
)
--------------------------------
pos=l
width=6.5cm
hsep=10.0pt
vsep=12.0pt
overhang=0pt
rframe=
codefile=pst-sigsys-doc.tmp
\lst@firstline=1\relax 
\lst@lastline=9999999\relax 
\lst@linerange=
\if@SX@wide=FALSE
\if@SX@rangeaccept=FALSE
\if@SX@varwidth=FALSE
graphicfile=, graphicparameter=[width=\linewidth ]
--------------------------------
(./pst-sigsys-doc.tmp
Overfull \hbox (2.32289pt too wide) in paragraph at lines 9--10
[][][][][][][][][][][][][][][][][][][][][][][][][][][] 
 []

)

Package Fancyhdr Warning: \headheight is too small (12.0pt): 
 Make it at least 23.11996pt.
 We now make it that large for the rest of the document.
 This may cause the page layout to be inconsistent, however.

[22 <./pst-sigsys-doc-pics.pdf> <./pst-sigsys-doc-pics.pdf>]
<pst-sigsys-doc-pics.pdf, id=1521, page=56, 137.51375pt x 137.51375pt>
File: pst-sigsys-doc-pics.pdf Graphic file (type pdf)

<use pst-sigsys-doc-pics.pdf, page 56>
Package pdftex.def Info: pst-sigsys-doc-pics.pdf, page56 used on input line 160
9.
(pdftex.def)             Requested size: 137.51341pt x 137.51341pt.

<pst-sigsys-doc-pics.pdf, id=1522, page=57, 128.48pt x 30.1125pt>
File: pst-sigsys-doc-pics.pdf Graphic file (type pdf)

<use pst-sigsys-doc-pics.pdf, page 57>
Package pdftex.def Info: pst-sigsys-doc-pics.pdf, page57 used on input line 162
2.
(pdftex.def)             Requested size: 128.47968pt x 30.11241pt.
\openout3 = `pst-sigsys-doc.tmp'.

 (./pst-sigsys-doc.tmp
<pst-sigsys-doc-pics.pdf, id=1523, page=58, 187.70125pt x 102.3825pt>
File: pst-sigsys-doc-pics.pdf Graphic file (type pdf)

<use pst-sigsys-doc-pics.pdf, page 58>
Package pdftex.def Info: pst-sigsys-doc-pics.pdf, page58 used on input line 2.
(pdftex.def)             Requested size: 187.70079pt x 102.38225pt.
)
--------------------------------
pos=l
width=7.5cm
hsep=10.0pt
vsep=12.0pt
overhang=0pt
rframe=
codefile=pst-sigsys-doc.tmp
\lst@firstline=1\relax 
\lst@lastline=9999999\relax 
\lst@linerange=
\if@SX@wide=FALSE
\if@SX@rangeaccept=FALSE
\if@SX@varwidth=FALSE
graphicfile=, graphicparameter=[width=\linewidth ]
--------------------------------
(./pst-sigsys-doc.tmp)

Package Fancyhdr Warning: \headheight is too small (12.0pt): 
 Make it at least 23.11996pt.
 We now make it that large for the rest of the document.
 This may cause the page layout to be inconsistent, however.

[23 <./pst-sigsys-doc-pics.pdf> <./pst-sigsys-doc-pics.pdf> <./pst-sigsys-doc-p
ics.pdf> <./pst-sigsys-doc-pics.pdf>]
\openout3 = `pst-sigsys-doc.tmp'.

 (./pst-sigsys-doc.tmp
<pst-sigsys-doc-pics.pdf, id=1587, page=59, 215.80624pt x 102.3825pt>
File: pst-sigsys-doc-pics.pdf Graphic file (type pdf)

<use pst-sigsys-doc-pics.pdf, page 59>
Package pdftex.def Info: pst-sigsys-doc-pics.pdf, page59 used on input line 2.
(pdftex.def)             Requested size: 215.80571pt x 102.38225pt.
)
Overfull \hbox (9.52324pt too wide) in paragraph at lines 2--1657
[][] 
 []

--------------------------------
pos=l
width=7.25cm
hsep=10.0pt
vsep=12.0pt
overhang=0pt
rframe=
codefile=pst-sigsys-doc.tmp
\lst@firstline=1\relax 
\lst@lastline=9999999\relax 
\lst@linerange=
\if@SX@wide=FALSE
\if@SX@rangeaccept=FALSE
\if@SX@varwidth=FALSE
graphicfile=, graphicparameter=[width=\linewidth ]
--------------------------------
(./pst-sigsys-doc.tmp)
\openout3 = `pst-sigsys-doc.tmp'.

 (./pst-sigsys-doc.tmp
<pst-sigsys-doc-pics.pdf, id=1588, page=60, 156.585pt x 102.3825pt>
File: pst-sigsys-doc-pics.pdf Graphic file (type pdf)

<use pst-sigsys-doc-pics.pdf, page 60>
Package pdftex.def Info: pst-sigsys-doc-pics.pdf, page60 used on input line 2.
(pdftex.def)             Requested size: 156.58461pt x 102.38225pt.
)
--------------------------------
pos=l
width=7cm
hsep=10.0pt
vsep=12.0pt
overhang=0pt
rframe=
codefile=pst-sigsys-doc.tmp
\lst@firstline=1\relax 
\lst@lastline=9999999\relax 
\lst@linerange=
\if@SX@wide=FALSE
\if@SX@rangeaccept=FALSE
\if@SX@varwidth=FALSE
graphicfile=, graphicparameter=[width=\linewidth ]
--------------------------------
(./pst-sigsys-doc.tmp)
\openout3 = `pst-sigsys-doc.tmp'.

 (./pst-sigsys-doc.tmp
<pst-sigsys-doc-pics.pdf, id=1589, page=61, 127.47626pt x 102.3825pt>
File: pst-sigsys-doc-pics.pdf Graphic file (type pdf)

<use pst-sigsys-doc-pics.pdf, page 61>
Package pdftex.def Info: pst-sigsys-doc-pics.pdf, page61 used on input line 2.
(pdftex.def)             Requested size: 127.47594pt x 102.38225pt.
)
--------------------------------
pos=l
width=7cm
hsep=10.0pt
vsep=12.0pt
overhang=0pt
rframe=
codefile=pst-sigsys-doc.tmp
\lst@firstline=1\relax 
\lst@lastline=9999999\relax 
\lst@linerange=
\if@SX@wide=FALSE
\if@SX@rangeaccept=FALSE
\if@SX@varwidth=FALSE
graphicfile=, graphicparameter=[width=\linewidth ]
--------------------------------
(./pst-sigsys-doc.tmp)

Package Fancyhdr Warning: \headheight is too small (12.0pt): 
 Make it at least 23.11996pt.
 We now make it that large for the rest of the document.
 This may cause the page layout to be inconsistent, however.

[24 <./pst-sigsys-doc-pics.pdf> <./pst-sigsys-doc-pics.pdf> <./pst-sigsys-doc-p
ics.pdf>]

LaTeX Warning: Citation `Rotman:00' on page 25 undefined on input line 1699.

<pst-sigsys-doc-pics.pdf, id=1669, page=62, 70.2625pt x 47.17625pt>
File: pst-sigsys-doc-pics.pdf Graphic file (type pdf)

<use pst-sigsys-doc-pics.pdf, page 62>
Package pdftex.def Info: pst-sigsys-doc-pics.pdf, page62 used on input line 172
8.
(pdftex.def)             Requested size: 70.26231pt x 47.17612pt.

<pst-sigsys-doc-pics.pdf, id=1670, page=63, 47.17625pt x 69.25874pt>
File: pst-sigsys-doc-pics.pdf Graphic file (type pdf)

<use pst-sigsys-doc-pics.pdf, page 63>
Package pdftex.def Info: pst-sigsys-doc-pics.pdf, page63 used on input line 174
7.
(pdftex.def)             Requested size: 47.17612pt x 69.25856pt.

Underfull \hbox (badness 10000) in paragraph at lines 1747--1747
[]\T1/cmr/m/n/9 (b)
 []

<pst-sigsys-doc-pics.pdf, id=1671, page=64, 69.25874pt x 47.17625pt>
File: pst-sigsys-doc-pics.pdf Graphic file (type pdf)

<use pst-sigsys-doc-pics.pdf, page 64>
Package pdftex.def Info: pst-sigsys-doc-pics.pdf, page64 used on input line 176
6.
(pdftex.def)             Requested size: 69.25856pt x 47.17612pt.

<pst-sigsys-doc-pics.pdf, id=1672, page=65, 47.17625pt x 70.2625pt>
File: pst-sigsys-doc-pics.pdf Graphic file (type pdf)

<use pst-sigsys-doc-pics.pdf, page 65>
Package pdftex.def Info: pst-sigsys-doc-pics.pdf, page65 used on input line 178
5.
(pdftex.def)             Requested size: 47.17612pt x 70.26231pt.

Underfull \hbox (badness 10000) in paragraph at lines 1785--1785
[]\T1/cmr/m/n/9 (d)
 []

\openout3 = `pst-sigsys-doc.tmp'.

(./pst-sigsys-doc.tmp
<pst-sigsys-doc-pics.pdf, id=1673, page=66, 184.69pt x 74.2775pt>
File: pst-sigsys-doc-pics.pdf Graphic file (type pdf)

<use pst-sigsys-doc-pics.pdf, page 66>
Package pdftex.def Info: pst-sigsys-doc-pics.pdf, page66 used on input line 2.
(pdftex.def)             Requested size: 184.68953pt x 74.27731pt.
)
--------------------------------
pos=l
width=7.5cm
hsep=10.0pt
vsep=12.0pt
overhang=0pt
rframe=
codefile=pst-sigsys-doc.tmp
\lst@firstline=1\relax 
\lst@lastline=9999999\relax 
\lst@linerange=
\if@SX@wide=FALSE
\if@SX@rangeaccept=FALSE
\if@SX@varwidth=FALSE
graphicfile=, graphicparameter=[width=\linewidth ]
--------------------------------
(./pst-sigsys-doc.tmp)
\openout3 = `pst-sigsys-doc.tmp'.



Package Fancyhdr Warning: \headheight is too small (12.0pt): 
 Make it at least 23.11996pt.
 We now make it that large for the rest of the document.
 This may cause the page layout to be inconsistent, however.

[25 <./pst-sigsys-doc-pics.pdf> <./pst-sigsys-doc-pics.pdf> <./pst-sigsys-doc-p
ics.pdf> <./pst-sigsys-doc-pics.pdf> <./pst-sigsys-doc-pics.pdf>]
(./pst-sigsys-doc.tmp
<pst-sigsys-doc-pics.pdf, id=1737, page=67, 184.69pt x 74.2775pt>
File: pst-sigsys-doc-pics.pdf Graphic file (type pdf)

<use pst-sigsys-doc-pics.pdf, page 67>
Package pdftex.def Info: pst-sigsys-doc-pics.pdf, page67 used on input line 2.
(pdftex.def)             Requested size: 184.68953pt x 74.27731pt.
)
--------------------------------
pos=l
width=7.5cm
hsep=10.0pt
vsep=12.0pt
overhang=0pt
rframe=
codefile=pst-sigsys-doc.tmp
\lst@firstline=1\relax 
\lst@lastline=9999999\relax 
\lst@linerange=
\if@SX@wide=FALSE
\if@SX@rangeaccept=FALSE
\if@SX@varwidth=FALSE
graphicfile=, graphicparameter=[width=\linewidth ]
--------------------------------
(./pst-sigsys-doc.tmp)
\openout3 = `pst-sigsys-doc.tmp'.

 (./pst-sigsys-doc.tmp
<pst-sigsys-doc-pics.pdf, id=1738, page=68, 184.69pt x 46.1725pt>
File: pst-sigsys-doc-pics.pdf Graphic file (type pdf)

<use pst-sigsys-doc-pics.pdf, page 68>
Package pdftex.def Info: pst-sigsys-doc-pics.pdf, page68 used on input line 2.
(pdftex.def)             Requested size: 184.68953pt x 46.17236pt.
)
--------------------------------
pos=l
width=7.5cm
hsep=10.0pt
vsep=12.0pt
overhang=0pt
rframe=
codefile=pst-sigsys-doc.tmp
\lst@firstline=1\relax 
\lst@lastline=9999999\relax 
\lst@linerange=
\if@SX@wide=FALSE
\if@SX@rangeaccept=FALSE
\if@SX@varwidth=FALSE
graphicfile=, graphicparameter=[width=\linewidth ]
--------------------------------
(./pst-sigsys-doc.tmp)

Package Fancyhdr Warning: \headheight is too small (12.0pt): 
 Make it at least 23.11996pt.
 We now make it that large for the rest of the document.
 This may cause the page layout to be inconsistent, however.

[26 <./pst-sigsys-doc-pics.pdf> <./pst-sigsys-doc-pics.pdf>]
\openout3 = `pst-sigsys-doc.tmp'.


(./pst-sigsys-doc.tmp
<pst-sigsys-doc-pics.pdf, id=1784, page=69, 130.4875pt x 131.49126pt>
File: pst-sigsys-doc-pics.pdf Graphic file (type pdf)

<use pst-sigsys-doc-pics.pdf, page 69>
Package pdftex.def Info: pst-sigsys-doc-pics.pdf, page69 used on input line 3.
(pdftex.def)             Requested size: 130.48717pt x 131.49092pt.
)
--------------------------------
pos=l
width=5.5cm
hsep=10.0pt
vsep=12.0pt
overhang=0pt
rframe=
codefile=pst-sigsys-doc.tmp
\lst@firstline=1\relax 
\lst@lastline=9999999\relax 
\lst@linerange=
\if@SX@wide=FALSE
\if@SX@rangeaccept=FALSE
\if@SX@varwidth=FALSE
graphicfile=, graphicparameter=[width=\linewidth ]
--------------------------------
(./pst-sigsys-doc.tmp)

Package Fancyhdr Warning: \headheight is too small (12.0pt): 
 Make it at least 23.11996pt.
 We now make it that large for the rest of the document.
 This may cause the page layout to be inconsistent, however.

[27 <./pst-sigsys-doc-pics.pdf>]
\openout3 = `pst-sigsys-doc.tmp'.

 (./pst-sigsys-doc.tmp
<pst-sigsys-doc-pics.pdf, id=1836, page=70, 357.335pt x 131.49126pt>
File: pst-sigsys-doc-pics.pdf Graphic file (type pdf)

<use pst-sigsys-doc-pics.pdf, page 70>
Package pdftex.def Info: pst-sigsys-doc-pics.pdf, page70 used on input line 3.
(pdftex.def)             Requested size: 357.33412pt x 131.49092pt.
)
--------------------------------
pos=t
width=469.75502pt
hsep=10.0pt
vsep=12.0pt
overhang=0pt
rframe=
codefile=pst-sigsys-doc.tmp
\lst@firstline=1\relax 
\lst@lastline=9999999\relax 
\lst@linerange=
\if@SX@wide=FALSE
\if@SX@rangeaccept=FALSE
\if@SX@varwidth=FALSE
graphicfile=, graphicparameter=[width=\linewidth ]
--------------------------------
(./pst-sigsys-doc.tmp)

Package Fancyhdr Warning: \headheight is too small (12.0pt): 
 Make it at least 23.11996pt.
 We now make it that large for the rest of the document.
 This may cause the page layout to be inconsistent, however.

[28 <./pst-sigsys-doc-pics.pdf>]
\openout3 = `pst-sigsys-doc.tmp'.

 (./pst-sigsys-doc.tmp
<pst-sigsys-doc-pics.pdf, id=1889, page=71, 415.5525pt x 187.70125pt>
File: pst-sigsys-doc-pics.pdf Graphic file (type pdf)

<use pst-sigsys-doc-pics.pdf, page 71>
Package pdftex.def Info: pst-sigsys-doc-pics.pdf, page71 used on input line 2.
(pdftex.def)             Requested size: 415.55148pt x 187.70079pt.
)
--------------------------------
pos=t
width=469.75502pt
hsep=10.0pt
vsep=12.0pt
overhang=0pt
rframe=
codefile=pst-sigsys-doc.tmp
\lst@firstline=1\relax 
\lst@lastline=9999999\relax 
\lst@linerange=
\if@SX@wide=FALSE
\if@SX@rangeaccept=FALSE
\if@SX@varwidth=FALSE
graphicfile=, graphicparameter=[width=\linewidth ]
--------------------------------
(./pst-sigsys-doc.tmp)

Package Fancyhdr Warning: \headheight is too small (12.0pt): 
 Make it at least 23.11996pt.
 We now make it that large for the rest of the document.
 This may cause the page layout to be inconsistent, however.

[29]

Package Fancyhdr Warning: \headheight is too small (12.0pt): 
 Make it at least 23.11996pt.
 We now make it that large for the rest of the document.
 This may cause the page layout to be inconsistent, however.

[30 <./pst-sigsys-doc-pics.pdf>]
\openout3 = `pst-sigsys-doc.tmp'.

 (./pst-sigsys-doc.tmp
<pst-sigsys-doc-pics.pdf, id=1956, page=72, 187.70125pt x 130.4875pt>
File: pst-sigsys-doc-pics.pdf Graphic file (type pdf)

<use pst-sigsys-doc-pics.pdf, page 72>
Package pdftex.def Info: pst-sigsys-doc-pics.pdf, page72 used on input line 2.
(pdftex.def)             Requested size: 187.70079pt x 130.48717pt.
)
--------------------------------
pos=t
width=469.75502pt
hsep=10.0pt
vsep=12.0pt
overhang=0pt
rframe=
codefile=pst-sigsys-doc.tmp
\lst@firstline=1\relax 
\lst@lastline=9999999\relax 
\lst@linerange=
\if@SX@wide=FALSE
\if@SX@rangeaccept=FALSE
\if@SX@varwidth=FALSE
graphicfile=, graphicparameter=[width=\linewidth ]
--------------------------------
(./pst-sigsys-doc.tmp)

Package Fancyhdr Warning: \headheight is too small (12.0pt): 
 Make it at least 23.11996pt.
 We now make it that large for the rest of the document.
 This may cause the page layout to be inconsistent, however.

[31 <./pst-sigsys-doc-pics.pdf>]
\openout3 = `pst-sigsys-doc.tmp'.

 (./pst-sigsys-doc.tmp
<pst-sigsys-doc-pics.pdf, id=1996, page=73, 187.70125pt x 187.70125pt>
File: pst-sigsys-doc-pics.pdf Graphic file (type pdf)

<use pst-sigsys-doc-pics.pdf, page 73>
Package pdftex.def Info: pst-sigsys-doc-pics.pdf, page73 used on input line 3.
(pdftex.def)             Requested size: 187.70079pt x 187.70079pt.
)
--------------------------------
pos=t
width=469.75502pt
hsep=10.0pt
vsep=12.0pt
overhang=0pt
rframe=
codefile=pst-sigsys-doc.tmp
\lst@firstline=1\relax 
\lst@lastline=9999999\relax 
\lst@linerange=
\if@SX@wide=FALSE
\if@SX@rangeaccept=FALSE
\if@SX@varwidth=FALSE
graphicfile=, graphicparameter=[width=\linewidth ]
--------------------------------
(./pst-sigsys-doc.tmp)

Package Fancyhdr Warning: \headheight is too small (12.0pt): 
 Make it at least 23.11996pt.
 We now make it that large for the rest of the document.
 This may cause the page layout to be inconsistent, however.

[32 <./pst-sigsys-doc-pics.pdf>]
\openout3 = `pst-sigsys-doc.tmp'.

 (./pst-sigsys-doc.tmp
<pst-sigsys-doc-pics.pdf, id=2039, page=74, 243.91125pt x 187.70125pt>
File: pst-sigsys-doc-pics.pdf Graphic file (type pdf)

<use pst-sigsys-doc-pics.pdf, page 74>
Package pdftex.def Info: pst-sigsys-doc-pics.pdf, page74 used on input line 3.
(pdftex.def)             Requested size: 243.91064pt x 187.70079pt.
)
--------------------------------
pos=t
width=469.75502pt
hsep=10.0pt
vsep=12.0pt
overhang=0pt
rframe=
codefile=pst-sigsys-doc.tmp
\lst@firstline=1\relax 
\lst@lastline=9999999\relax 
\lst@linerange=
\if@SX@wide=FALSE
\if@SX@rangeaccept=FALSE
\if@SX@varwidth=FALSE
graphicfile=, graphicparameter=[width=\linewidth ]
--------------------------------
(./pst-sigsys-doc.tmp)

Package Fancyhdr Warning: \headheight is too small (12.0pt): 
 Make it at least 23.11996pt.
 We now make it that large for the rest of the document.
 This may cause the page layout to be inconsistent, however.

[33 <./pst-sigsys-doc-pics.pdf>]
\openout3 = `pst-sigsys-doc.tmp'.

 (./pst-sigsys-doc.tmp
<pst-sigsys-doc-pics.pdf, id=2090, page=75, 188.705pt x 74.2775pt>
File: pst-sigsys-doc-pics.pdf Graphic file (type pdf)

<use pst-sigsys-doc-pics.pdf, page 75>
Package pdftex.def Info: pst-sigsys-doc-pics.pdf, page75 used on input line 3.
(pdftex.def)             Requested size: 188.70453pt x 74.27731pt.

<pst-sigsys-doc-pics.pdf, id=2091, page=76, 243.91125pt x 74.2775pt>
File: pst-sigsys-doc-pics.pdf Graphic file (type pdf)

<use pst-sigsys-doc-pics.pdf, page 76>
Package pdftex.def Info: pst-sigsys-doc-pics.pdf, page76 used on input line 27.

(pdftex.def)             Requested size: 243.91064pt x 74.27731pt.
)
--------------------------------
pos=t
width=469.75502pt
hsep=10.0pt
vsep=12.0pt
overhang=0pt
rframe=
codefile=pst-sigsys-doc.tmp
\lst@firstline=1\relax 
\lst@lastline=9999999\relax 
\lst@linerange=
\if@SX@wide=FALSE
\if@SX@rangeaccept=FALSE
\if@SX@varwidth=FALSE
graphicfile=, graphicparameter=[width=\linewidth ]
--------------------------------
(./pst-sigsys-doc.tmp)

Package Fancyhdr Warning: \headheight is too small (12.0pt): 
 Make it at least 23.11996pt.
 We now make it that large for the rest of the document.
 This may cause the page layout to be inconsistent, however.

[34 <./pst-sigsys-doc-pics.pdf> <./pst-sigsys-doc-pics.pdf>]
\openout3 = `pst-sigsys-doc.tmp'.


(./pst-sigsys-doc.tmp
<pst-sigsys-doc-pics.pdf, id=2174, page=77, 273.02pt x 130.4875pt>
File: pst-sigsys-doc-pics.pdf Graphic file (type pdf)

<use pst-sigsys-doc-pics.pdf, page 77>
Package pdftex.def Info: pst-sigsys-doc-pics.pdf, page77 used on input line 2.
(pdftex.def)             Requested size: 273.01933pt x 130.48717pt.
)
--------------------------------
pos=t
width=469.75502pt
hsep=10.0pt
vsep=12.0pt
overhang=0pt
rframe=
codefile=pst-sigsys-doc.tmp
\lst@firstline=1\relax 
\lst@lastline=9999999\relax 
\lst@linerange=
\if@SX@wide=FALSE
\if@SX@rangeaccept=FALSE
\if@SX@varwidth=FALSE
graphicfile=, graphicparameter=[width=\linewidth ]
--------------------------------
(./pst-sigsys-doc.tmp)

Package Fancyhdr Warning: \headheight is too small (12.0pt): 
 Make it at least 23.11996pt.
 We now make it that large for the rest of the document.
 This may cause the page layout to be inconsistent, however.

[35 <./pst-sigsys-doc-pics.pdf>]
\openout3 = `pst-sigsys-doc.tmp'.

 (./pst-sigsys-doc.tmp
<pst-sigsys-doc-pics.pdf, id=2222, page=78, 301.125pt x 215.80624pt>
File: pst-sigsys-doc-pics.pdf Graphic file (type pdf)

<use pst-sigsys-doc-pics.pdf, page 78>
Package pdftex.def Info: pst-sigsys-doc-pics.pdf, page78 used on input line 2.
(pdftex.def)             Requested size: 301.12425pt x 215.80571pt.
)
--------------------------------
pos=t
width=469.75502pt
hsep=10.0pt
vsep=12.0pt
overhang=0pt
rframe=
codefile=pst-sigsys-doc.tmp
\lst@firstline=1\relax 
\lst@lastline=9999999\relax 
\lst@linerange=
\if@SX@wide=FALSE
\if@SX@rangeaccept=FALSE
\if@SX@varwidth=FALSE
graphicfile=, graphicparameter=[width=\linewidth ]
--------------------------------
(./pst-sigsys-doc.tmp)

Package Fancyhdr Warning: \headheight is too small (12.0pt): 
 Make it at least 23.11996pt.
 We now make it that large for the rest of the document.
 This may cause the page layout to be inconsistent, however.

[36]

Package Fancyhdr Warning: \headheight is too small (12.0pt): 
 Make it at least 23.11996pt.
 We now make it that large for the rest of the document.
 This may cause the page layout to be inconsistent, however.

[37 <./pst-sigsys-doc-pics.pdf>]
\openout3 = `pst-sigsys-doc.tmp'.

 (./pst-sigsys-doc.tmp
<pst-sigsys-doc-pics.pdf, id=2291, page=79, 416.55624pt x 134.5025pt>
File: pst-sigsys-doc-pics.pdf Graphic file (type pdf)

<use pst-sigsys-doc-pics.pdf, page 79>
Package pdftex.def Info: pst-sigsys-doc-pics.pdf, page79 used on input line 2.
(pdftex.def)             Requested size: 416.55522pt x 134.50215pt.
)
--------------------------------
pos=t
width=469.75502pt
hsep=10.0pt
vsep=12.0pt
overhang=0pt
rframe=
codefile=pst-sigsys-doc.tmp
\lst@firstline=1\relax 
\lst@lastline=9999999\relax 
\lst@linerange=
\if@SX@wide=FALSE
\if@SX@rangeaccept=FALSE
\if@SX@varwidth=FALSE
graphicfile=, graphicparameter=[width=\linewidth ]
--------------------------------
(./pst-sigsys-doc.tmp)

Package Fancyhdr Warning: \headheight is too small (12.0pt): 
 Make it at least 23.11996pt.
 We now make it that large for the rest of the document.
 This may cause the page layout to be inconsistent, however.

[38 <./pst-sigsys-doc-pics.pdf>]
\openout3 = `pst-sigsys-doc.tmp'.

 (./pst-sigsys-doc.tmp
<pst-sigsys-doc-pics.pdf, id=2362, page=80, 273.02pt x 159.59625pt>
File: pst-sigsys-doc-pics.pdf Graphic file (type pdf)

<use pst-sigsys-doc-pics.pdf, page 80>
Package pdftex.def Info: pst-sigsys-doc-pics.pdf, page80 used on input line 2.
(pdftex.def)             Requested size: 273.01933pt x 159.59584pt.
)
--------------------------------
pos=t
width=469.75502pt
hsep=10.0pt
vsep=12.0pt
overhang=0pt
rframe=
codefile=pst-sigsys-doc.tmp
\lst@firstline=1\relax 
\lst@lastline=9999999\relax 
\lst@linerange=
\if@SX@wide=FALSE
\if@SX@rangeaccept=FALSE
\if@SX@varwidth=FALSE
graphicfile=, graphicparameter=[width=\linewidth ]
--------------------------------
(./pst-sigsys-doc.tmp)

Package Fancyhdr Warning: \headheight is too small (12.0pt): 
 Make it at least 23.11996pt.
 We now make it that large for the rest of the document.
 This may cause the page layout to be inconsistent, however.

[39 <./pst-sigsys-doc-pics.pdf>]
\openout3 = `pst-sigsys-doc.tmp'.

 (./pst-sigsys-doc.tmp
<pst-sigsys-doc-pics.pdf, id=2424, page=81, 243.91125pt x 187.70125pt>
File: pst-sigsys-doc-pics.pdf Graphic file (type pdf)

<use pst-sigsys-doc-pics.pdf, page 81>
Package pdftex.def Info: pst-sigsys-doc-pics.pdf, page81 used on input line 2.
(pdftex.def)             Requested size: 243.91064pt x 187.70079pt.
)
--------------------------------
pos=t
width=469.75502pt
hsep=10.0pt
vsep=12.0pt
overhang=0pt
rframe=
codefile=pst-sigsys-doc.tmp
\lst@firstline=1\relax 
\lst@lastline=9999999\relax 
\lst@linerange=
\if@SX@wide=FALSE
\if@SX@rangeaccept=FALSE
\if@SX@varwidth=FALSE
graphicfile=, graphicparameter=[width=\linewidth ]
--------------------------------
(./pst-sigsys-doc.tmp)
<pst-sigsys-doc-pics.pdf, id=2425, page=82, 188.705pt x 74.2775pt>
File: pst-sigsys-doc-pics.pdf Graphic file (type pdf)

<use pst-sigsys-doc-pics.pdf, page 82>
Package pdftex.def Info: pst-sigsys-doc-pics.pdf, page82 used on input line 231
4.
(pdftex.def)             Requested size: 188.70453pt x 74.27731pt.


Package Fancyhdr Warning: \headheight is too small (12.0pt): 
 Make it at least 23.11996pt.
 We now make it that large for the rest of the document.
 This may cause the page layout to be inconsistent, however.

[40 <./pst-sigsys-doc-pics.pdf>]

Package Fancyhdr Warning: \headheight is too small (12.0pt): 
 Make it at least 23.11996pt.
 We now make it that large for the rest of the document.
 This may cause the page layout to be inconsistent, however.

[41 <./pst-sigsys-doc-pics.pdf>]
No file pst-sigsys-doc.bbl.
No file pst-sigsys-doc.ind.
Package atveryend Info: Empty hook `BeforeClearDocument' on input line 2331.
Package atveryend Info: Empty hook `AfterLastShipout' on input line 2331.
(./pst-sigsys-doc.aux)
Package atveryend Info: Executing hook `AtVeryEndDocument' on input line 2331.
Package atveryend Info: Executing hook `AtEndAfterFileList' on input line 2331.

Package rerunfilecheck Info: File `pst-sigsys-doc.out' has not changed.
(rerunfilecheck)             Checksum: 7A454C8D372FF1EDC1A662191D7E785C;2726.


LaTeX Warning: There were undefined references.

Package atveryend Info: Empty hook `AtVeryVeryEnd' on input line 2331.
 ) 
Here is how much of TeX's memory you used:
 16384 strings out of 493633
 244350 string characters out of 3143378
 442105 words of memory out of 3000000
 18265 multiletter control sequences out of 15000+200000
 22814 words of font info for 64 fonts, out of 3000000 for 9000
 831 hyphenation exceptions out of 8191
 41i,13n,83p,1497b,1503s stack positions out of 5000i,500n,10000p,200000b,50000s
{/usr/local/texlive/2011/texmf-dist/fonts/enc/dvips/cm-super/cm-super-t1.enc}
</usr/local/texlive/2011/texmf-dist/fonts/type1/public/amsfonts/cm/cmex10.pfb><
/usr/local/texlive/2011/texmf-dist/fonts/type1/public/amsfonts/cm/cmmi10.pfb></
usr/local/texlive/2011/texmf-dist/fonts/type1/public/amsfonts/cm/cmmi8.pfb></us
r/local/texlive/2011/texmf-dist/fonts/type1/public/amsfonts/cm/cmmi9.pfb></usr/
local/texlive/2011/texmf-dist/fonts/type1/public/amsfonts/cm/cmr10.pfb></usr/lo
cal/texlive/2011/texmf-dist/fonts/type1/public/amsfonts/cm/cmr8.pfb></usr/local
/texlive/2011/texmf-dist/fonts/type1/public/amsfonts/cm/cmr9.pfb></usr/local/te
xlive/2011/texmf-dist/fonts/type1/public/amsfonts/cm/cmsy10.pfb></usr/local/tex
live/2011/texmf-dist/fonts/type1/public/amsfonts/cm/cmsy8.pfb></usr/local/texli
ve/2011/texmf-dist/fonts/type1/public/amsfonts/cm/cmtt10.pfb></usr/local/texliv
e/2011/texmf-dist/fonts/type1/public/amsfonts/cm/cmtt9.pfb></usr/local/texlive/
2011/texmf-dist/fonts/type1/public/amsfonts/latxfont/lcircle1.pfb></usr/local/t
exlive/2011/texmf-dist/fonts/type1/public/amsfonts/symbols/msam7.pfb></usr/loca
l/texlive/2011/texmf-dist/fonts/type1/public/cm-super/sfbx1000.pfb></usr/local/
texlive/2011/texmf-dist/fonts/type1/public/cm-super/sfbx1095.pfb></usr/local/te
xlive/2011/texmf-dist/fonts/type1/public/cm-super/sfbx1200.pfb></usr/local/texl
ive/2011/texmf-dist/fonts/type1/public/cm-super/sfbx1440.pfb></usr/local/texliv
e/2011/texmf-dist/fonts/type1/public/cm-super/sfrm0600.pfb></usr/local/texlive/
2011/texmf-dist/fonts/type1/public/cm-super/sfrm0800.pfb></usr/local/texlive/20
11/texmf-dist/fonts/type1/public/cm-super/sfrm0900.pfb></usr/local/texlive/2011
/texmf-dist/fonts/type1/public/cm-super/sfrm1000.pfb></usr/local/texlive/2011/t
exmf-dist/fonts/type1/public/cm-super/sfrm1095.pfb></usr/local/texlive/2011/tex
mf-dist/fonts/type1/public/cm-super/sfrm1440.pfb></usr/local/texlive/2011/texmf
-dist/fonts/type1/public/cm-super/sfss1095.pfb></usr/local/texlive/2011/texmf-d
ist/fonts/type1/public/cm-super/sfti1095.pfb></usr/local/texlive/2011/texmf-dis
t/fonts/type1/public/cm-super/sftt0900.pfb></usr/local/texlive/2011/texmf-dist/
fonts/type1/public/cm-super/sftt1000.pfb></usr/local/texlive/2011/texmf-dist/fo
nts/type1/public/cm-super/sftt1095.pfb></usr/local/texlive/2011/texmf-dist/font
s/type1/public/cm-super/sftt1200.pfb></usr/local/texlive/2011/texmf-dist/fonts/
type1/public/cm-super/sftt1440.pfb>
Output written on pst-sigsys-doc.pdf (41 pages, 1188299 bytes).
PDF statistics:
 2789 PDF objects out of 2984 (max. 8388607)
 2314 compressed objects within 24 object streams
 891 named destinations out of 1000 (max. 500000)
 776 words of extra memory for PDF output out of 10000 (max. 10000000)

